#
# A fatal error has been detected by the Java Runtime Environment:
#
#  SIGSEGV (0xb) at pc=0x0000768de0af7c71, pid=236155, tid=236173
#
# JRE version: OpenJDK Runtime Environment JBR-21.0.2+13-375.1-jcef (21.0.2+13) (build 21.0.2+13-b375.1)
# Java VM: OpenJDK 64-Bit Server VM JBR-21.0.2+13-375.1-jcef (21.0.2+13-b375.1, mixed mode, tiered, compressed oops, compressed class ptrs, g1 gc, linux-amd64)
# Problematic frame:
# V  [libjvm.so+0xaf7c71]  JvmtiEnv::GetClassMethods(oopDesc*, int*, _jmethodID***)+0x171
#
# Core dump will be written. Default location: Core dumps may be processed with "/usr/lib/systemd/systemd-coredump %P %u %g %s %t %c %h" (or dumping to /home/rattly/IdeaProjects/PrezzoEnergia/core.236155)
#
# If you would like to submit a bug report, please visit:
#   https://youtrack.jetbrains.com/issues/JBR
#

---------------  S U M M A R Y ------------

Command Line: -Dorg.lwjgl.glfw.libname=/usr/lib/libglfw.so -XX:+AllowEnhancedClassRedefinition -javaagent:/home/rattly/.local/share/JetBrains/Toolbox/apps/intellij-idea-ultimate-2/lib/idea_rt.jar=44501:/home/rattly/.local/share/JetBrains/Toolbox/apps/intellij-idea-ultimate-2/bin -Dfile.encoding=UTF-8 -Dsun.stdout.encoding=UTF-8 -Dsun.stderr.encoding=UTF-8 -Dawt.toolkit.name=XToolkit it.rattly.MainKt

Host: AMD Ryzen 5 5625U with Radeon Graphics, 12 cores, 14G, Arch Linux
Time: Mon Feb 24 16:45:03 2025 CET elapsed time: 3.035188 seconds (0d 0h 0m 3s)

---------------  T H R E A D  ---------------

Current thread (0x0000768d90000ff0):  JavaThread "Attach Listener" daemon [_thread_in_vm, id=236173, stack(0x0000768d979fb000,0x0000768d97afb000) (1024K)]

Stack: [0x0000768d979fb000,0x0000768d97afb000],  sp=0x0000768d97af96c0,  free space=1017k
Native frames: (J=compiled Java code, j=interpreted, Vv=VM code, C=native code)
V  [libjvm.so+0xaf7c71]  JvmtiEnv::GetClassMethods(oopDesc*, int*, _jmethodID***)+0x171
V  [libjvm.so+0xaac1f6]  jvmti_GetClassMethods+0x206
C  [libasyncProfiler.so+0x18cb7]  VM::loadMethodIDs(_jvmtiEnv*, JNIEnv_*, _jclass*)+0x37
C  [libasyncProfiler.so+0x4aeca]  VM::init(JavaVM_*, bool) [clone .part.1946]+0x63a
C  [libasyncProfiler.so+0x5e691]  Agent_OnAttach+0x381
V  [libjvm.so+0xa8d457]  JvmtiAgent::load(outputStream*)+0x1e7
V  [libjvm.so+0xa8df60]  JvmtiAgentList::load_agent(char const*, char const*, char const*, outputStream*)+0x70
V  [libjvm.so+0x4ad0e9]  attach_listener_thread_entry(JavaThread*, JavaThread*)+0x1d9
V  [libjvm.so+0x91d46f]  JavaThread::thread_main_inner() [clone .part.0]+0xaf
V  [libjvm.so+0xf5fc88]  Thread::call_run()+0xa8
V  [libjvm.so+0xcf061a]  thread_native_entry(Thread*)+0xda
C  [libc.so.6+0x942ce]

siginfo: si_signo: 11 (SIGSEGV), si_code: 2 (SEGV_ACCERR), si_addr: 0x0000768dc41366f0

Registers:
RAX=0x0000768d746f8050, RBX=0x0000768dc41366f0, RCX=0x0000000000000000, RDX=0x0000000000000000
RSP=0x0000768d97af96c0, RBP=0x0000768d97af9770, RSI=0x0000768d90001870, RDI=0x0000768da2265aa0
R8 =0x0000768d74097290, R9 =0x0000000000000001, R10=0x0000000000000108, R11=0x0000000000000000
R12=0x0000000000000015, R13=0x0000768da2265aa0, R14=0x000000080044e8c0, R15=0x0000768d740b2ef0
RIP=0x0000768de0af7c71, EFLAGS=0x0000000000010202, CSGSFS=0x002b000000000033, ERR=0x0000000000000006
  TRAPNO=0x000000000000000e


Register to memory mapping:

RAX=0x0000768d746f8050 points into unknown readable memory: 0x0000768da2265aa0 | a0 5a 26 a2 8d 76 00 00
RBX=0x0000768dc41366f0 is an unknown value
RCX=0x0 is null
RDX=0x0 is null
RSP=0x0000768d97af96c0 is pointing into the stack for thread: 0x0000768d90000ff0
RBP=0x0000768d97af9770 is pointing into the stack for thread: 0x0000768d90000ff0
RSI=0x0000768d90001870 points into unknown readable memory: 0x0000004000000000 | 00 00 00 00 40 00 00 00
RDI={method} {0x0000768da2265aa0} 'decodeByte' '()B' in 'kotlinx/serialization/json/internal/StreamingJsonDecoder'
R8 =0x0000768d74097290 points into unknown readable memory: 0x0000768da2265aa0 | a0 5a 26 a2 8d 76 00 00
R9 =0x0000000000000001 is an unknown value
R10=0x0000000000000108 is an unknown value
R11=0x0 is null
R12=0x0000000000000015 is an unknown value
R13={method} {0x0000768da2265aa0} 'decodeByte' '()B' in 'kotlinx/serialization/json/internal/StreamingJsonDecoder'
R14=0x000000080044e8c0 is a pointer to class: 
kotlinx.serialization.json.internal.StreamingJsonDecoder {0x000000080044e8c0}
 - instance size:     6
 - klass size:        171
 - access:            public synchronized 
 - flags:             rewritten has_nonstatic_fields should_verify_class has_nonstatic_concrete_methods has_localvariable_table has_miranda_methods has_final_method 
 - state:             fully_initialized
 - name:              'kotlinx/serialization/json/internal/StreamingJsonDecoder'
 - super:             'kotlinx/serialization/encoding/AbstractDecoder'
 - sub:               
 - arrays:            null
 - methods:           Array<T>(0x0000768da2263a50)
 - method ordering:   Array<T>(0x0000768da0000018)
 - default_methods:   Array<T>(0x0000768da22675c8)
 - default vtable indices:   Array<T>(0x0000768da22675e8)
 - local interfaces:  Array<T>(0x0000768da225e600)
 - trans. interfaces: Array<T>(0x0000768da2267558)
 - constants:         constant pool [742] {0x0000768da225cd10} for 'kotlinx/serialization/json/internal/StreamingJsonDecoder' cache=0x0000768da226b498
 - class loader data:  loader data: 0x0000768dd82e5160 for instance a 'jdk/internal/loader/ClassLoaders$AppClassLoader'{0x0000000710c00000}
 - source file:       'StreamingJsonDecoder.kt'
 - class annotations:       Array<T>(0x0000768da22668e0)
 - class type annotations:  Array<T>(0x0000000000000000)
 - field annotations:       Array<T>(0x0000000000000000)
 - field type annotations:  Array<T>(0x0000000000000000)
 - inner classes:     Array<T>(0x0000768da2266a18)
 - nest members:     Array<T>(0x0000768da0000028)
 - permitted subclasses:     Array<T>(0x0000768da0000028)
 - java mirror:       a 'java/lang/Class'{0x00000007125a0ee0} = 'kotlinx/serialization/json/internal/StreamingJsonDecoder'
 - vtable length      32  (start addr: 0x000000080044eab0)
 - itable length      76 (start addr: 0x000000080044ebb0)
 - ---- static fields (0 words):
 - ---- non-static fields (8 words):
 - private 'currentIndex' 'I' @12 
 - private final 'json' 'Lkotlinx/serialization/json/Json;' @16 
 - private final 'mode' 'Lkotlinx/serialization/json/internal/WriteMode;' @20 
 - public final 'lexer' 'Lkotlinx/serialization/json/internal/AbstractJsonLexer;' @24 
 - private final 'serializersModule' 'Lkotlinx/serialization/modules/SerializersModule;' @28 
 - private 'discriminatorHolder' 'Lkotlinx/serialization/json/internal/StreamingJsonDecoder$DiscriminatorHolder;' @32 
 - private final 'configuration' 'Lkotlinx/serialization/json/JsonConfiguration;' @36 
 - private final 'elementMarker' 'Lkotlinx/serialization/json/internal/JsonElementMarker;' @40 
 - non-static oop maps: 16-40 
R15=0x0000768d740b2ef0 points into unknown readable memory: 0x0000768d746f8040 | 40 80 6f 74 8d 76 00 00

Top of Stack: (sp=0x0000768d97af96c0)
0x0000768d97af96c0:   0000000000000000 0000000000000020
0x0000768d97af96d0:   0000768d97af9808 0000768d97af9804
0x0000768d97af96e0:   0000768d741ce6f0 0000768d97af9700
0x0000768d97af96f0:   0000768d00000000 0000000000000020
0x0000768d97af9700:   0000768d90000ff0 0000768d90001740
0x0000768d97af9710:   0000768d90001780 0000768d90001790
0x0000768d97af9720:   0000768d90001868 00000000000000d8
0x0000768d97af9730:   0000768d97af9c28 b2fb0f3c6d2f2e00
0x0000768d97af9740:   00000000000001fe 0000768d90000ff0
0x0000768d97af9750:   0000768d741ce6f0 00000007125a0ee0
0x0000768d97af9760:   0000768d97af9790 0000000000000074
0x0000768d97af9770:   0000768d97af97e0 0000768de0aac1f6
0x0000768d97af9780:   0000768d97af9808 0000768d97af9804
0x0000768d97af9790:   0000768d90000ff0 0000000000000000
0x0000768d97af97a0:   0000768d00000000 0000000000000000
0x0000768d97af97b0:   0000768d97af97e0 0000768d741ce6f0
0x0000768d97af97c0:   0000768d746e5100 0000768d900013a8
0x0000768d97af97d0:   0000768d97af98f0 0000000000000010
0x0000768d97af97e0:   0000768d97af9840 0000768d95a18cb7
0x0000768d97af97f0:   0000768d90000ff0 0000000000000000
0x0000768d97af9800:   0000000200000000 0000768d746f7d80
0x0000768d97af9810:   0000000000000000 00000000000000e8
0x0000768d97af9820:   0000768d741ce6f0 0000768d900013a8
0x0000768d97af9830:   0000768d97af98f0 0000000000000010
0x0000768d97af9840:   0000768d97af9a50 0000768d95a4aeca
0x0000768d97af9850:   0000000000000000 0000000000000030
0x0000768d97af9860:   fffffffffffffff8 0000000000000020
0x0000768d97af9870:   0000768d742bf5f0 0000000000000008
0x0000768d97af9880:   0000768d95a1ae30 0000000100000006
0x0000768d97af9890:   0000000000000000 0000196e00000000
0x0000768d97af98a0:   0000768d74192b10 0000768d746ffaa0
0x0000768d97af98b0:   000008689c001809 0000000000000000 

Instructions: (pc=0x0000768de0af7c71)
0x0000768de0af7b71:   e8 da 02 1e 00 49 89 c4 48 85 c0 0f 84 66 02 00
0x0000768de0af7b81:   00 48 8b 00 4c 89 e7 41 bd 16 00 00 00 ff 90 20
0x0000768de0af7b91:   01 00 00 a8 12 0f 84 0f 01 00 00 41 83 7c 24 0c
0x0000768de0af7ba1:   04 0f 8f 38 01 00 00 49 8b 84 24 b0 01 00 00 48
0x0000768de0af7bb1:   8b bd 70 ff ff ff 48 63 18 48 8d 34 dd 00 00 00
0x0000768de0af7bc1:   00 89 9d 58 ff ff ff e8 33 7f 00 00 49 89 c7 85
0x0000768de0af7bd1:   db 0f 8e b7 00 00 00 c7 85 5c ff ff ff 00 00 00
0x0000768de0af7be1:   00 31 c0 4d 89 e6 c6 45 87 01 48 89 5d 88 eb 1e
0x0000768de0af7bf1:   0f 1f 80 00 00 00 00 83 85 5c ff ff ff 01 4c 89
0x0000768de0af7c01:   e0 48 c7 03 00 00 00 00 4c 39 65 88 74 6e 48 8d
0x0000768de0af7c11:   15 c3 57 a0 00 49 8b 8e b0 01 00 00 4c 8d 60 01
0x0000768de0af7c21:   41 89 c1 80 3a 00 4e 8b 2c e1 74 0b 49 8b 86 d0
0x0000768de0af7c31:   01 00 00 4a 63 04 a0 49 8b 75 08 49 8d 1c c7 f6
0x0000768de0af7c41:   46 1c 40 75 b2 80 7d 87 00 0f 84 80 00 00 00 48
0x0000768de0af7c51:   8b 46 08 4c 89 ee 44 89 4d 80 48 8b 78 18 e8 1c
0x0000768de0af7c61:   00 de ff 44 8b 4d 80 48 85 c0 0f 84 57 01 00 00
0x0000768de0af7c71:   48 89 03 4c 89 e0 4c 39 65 88 75 92 8b 85 5c ff
0x0000768de0af7c81:   ff ff 48 8b 5d 88 85 c0 0f 85 81 00 00 00 48 8b
0x0000768de0af7c91:   85 68 ff ff ff 8b bd 58 ff ff ff 45 31 ed 89 38
0x0000768de0af7ca1:   48 8b 85 60 ff ff ff 4c 89 38 48 8b bd 78 ff ff
0x0000768de0af7cb1:   ff e8 b9 de d9 ff 48 81 c4 88 00 00 00 44 89 e8
0x0000768de0af7cc1:   5b 41 5c 41 5d 41 5e 41 5f 5d c3 0f 1f 40 00 4c
0x0000768de0af7cd1:   89 ef e8 38 e2 17 00 eb 97 66 0f 1f 44 00 00 48
0x0000768de0af7ce1:   8b 85 68 ff ff ff 48 8b bd 70 ff ff ff 31 f6 45
0x0000768de0af7cf1:   31 ed c7 00 00 00 00 00 e8 02 7e 00 00 48 8b bd
0x0000768de0af7d01:   60 ff ff ff 48 89 07 eb a1 66 0f 1f 44 00 00 44
0x0000768de0af7d11:   8b ad 58 ff ff ff 48 8b bd 70 ff ff ff 41 29 c5
0x0000768de0af7d21:   49 63 f5 48 c1 e6 03 e8 d3 7d 00 00 4c 8b 85 60
0x0000768de0af7d31:   ff ff ff 31 f6 49 89 00 48 8b 85 68 ff ff ff 44
0x0000768de0af7d41:   89 28 31 c0 eb 20 66 0f 1f 84 00 00 00 00 00 89
0x0000768de0af7d51:   c2 49 8b 38 48 83 c0 01 29 f2 48 63 d2 48 89 0c
0x0000768de0af7d61:   d7 48 39 c3 74 15 49 8b 0c c7 48 85 c9 75 e0 48 


Stack slot to memory mapping:

stack at sp + 0 slots: 0x0 is null
stack at sp + 1 slots: 0x0000000000000020 is an unknown value
stack at sp + 2 slots: 0x0000768d97af9808 is pointing into the stack for thread: 0x0000768d90000ff0
stack at sp + 3 slots: 0x0000768d97af9804 is pointing into the stack for thread: 0x0000768d90000ff0
stack at sp + 4 slots: 0x0000768d741ce6f0 points into unknown readable memory: 0x0000768de14bc160 | 60 c1 4b e1 8d 76 00 00
stack at sp + 5 slots: 0x0000768d97af9700 is pointing into the stack for thread: 0x0000768d90000ff0
stack at sp + 6 slots: 0x0000768d00000000 is an unknown value
stack at sp + 7 slots: 0x0000000000000020 is an unknown value


---------------  P R O C E S S  ---------------

Threads class SMR info:
_java_thread_list=0x0000768d2403bf00, length=24, elements={
0x0000768dd8222030, 0x0000768dd8223240, 0x0000768dd822dc50, 0x0000768dd822f1c0,
0x0000768dd8230760, 0x0000768dd8225420, 0x0000768dd8226a90, 0x0000768dd82ba140,
0x0000768d90000ff0, 0x0000768dd8442610, 0x0000768dd8444890, 0x0000768d7416bb60,
0x0000768d48003260, 0x0000768d3c017d30, 0x0000768d3c01dc60, 0x0000768dd8a112d0,
0x0000768dd8a4a3a0, 0x0000768dd8a4b320, 0x0000768d2c11a440, 0x0000768dd8c7e870,
0x0000768dd802bb60, 0x0000768d2802e260, 0x0000768d280373c0, 0x0000768d20009ad0
}

Java Threads: ( => current thread )
  0x0000768dd8222030 JavaThread "Reference Handler"          daemon [_thread_blocked, id=236165, stack(0x0000768dc0300000,0x0000768dc0400000) (1024K)]
  0x0000768dd8223240 JavaThread "Finalizer"                  daemon [_thread_blocked, id=236166, stack(0x0000768dc01ff000,0x0000768dc02ff000) (1024K)]
  0x0000768dd822dc50 JavaThread "Signal Dispatcher"          daemon [_thread_blocked, id=236167, stack(0x0000768dc00fe000,0x0000768dc01fe000) (1024K)]
  0x0000768dd822f1c0 JavaThread "Service Thread"             daemon [_thread_blocked, id=236168, stack(0x0000768d97f00000,0x0000768d98000000) (1024K)]
  0x0000768dd8230760 JavaThread "Monitor Deflation Thread"   daemon [_thread_blocked, id=236169, stack(0x0000768d97dff000,0x0000768d97eff000) (1024K)]
  0x0000768dd8225420 JavaThread "C2 CompilerThread0"         daemon [_thread_in_native, id=236170, stack(0x0000768d97cfe000,0x0000768d97dfe000) (1024K)]
  0x0000768dd8226a90 JavaThread "C1 CompilerThread0"         daemon [_thread_blocked, id=236171, stack(0x0000768d97bfd000,0x0000768d97cfd000) (1024K)]
  0x0000768dd82ba140 JavaThread "Common-Cleaner"             daemon [_thread_blocked, id=236172, stack(0x0000768d97afc000,0x0000768d97bfc000) (1024K)]
=>0x0000768d90000ff0 JavaThread "Attach Listener"            daemon [_thread_in_vm, id=236173, stack(0x0000768d979fb000,0x0000768d97afb000) (1024K)]
  0x0000768dd8442610 JavaThread "Monitor Ctrl-Break"         daemon [_thread_in_native, id=236174, stack(0x0000768d978fa000,0x0000768d979fa000) (1024K)]
  0x0000768dd8444890 JavaThread "Notification Thread"        daemon [_thread_blocked, id=236175, stack(0x0000768d977f9000,0x0000768d978f9000) (1024K)]
  0x0000768d7416bb60 JavaThread "RMI TCP Accept-0"           daemon [_thread_in_native, id=236195, stack(0x0000768d96ef0000,0x0000768d96ff0000) (1024K)]
  0x0000768d48003260 JavaThread "RMI TCP Connection(1)-100.80.32.38" daemon [_thread_in_native, id=236198, stack(0x0000768d96def000,0x0000768d96eef000) (1024K)]
  0x0000768d3c017d30 JavaThread "RMI Scheduler(0)"           daemon [_thread_blocked, id=236199, stack(0x0000768d96cee000,0x0000768d96dee000) (1024K)]
  0x0000768d3c01dc60 JavaThread "JMX server connection timeout 35" daemon [_thread_blocked, id=236200, stack(0x0000768d96bed000,0x0000768d96ced000) (1024K)]
  0x0000768dd8a112d0 JavaThread "idle-timeout-task"          daemon [_thread_blocked, id=236201, stack(0x0000768d96aec000,0x0000768d96bec000) (1024K)]
  0x0000768dd8a4a3a0 JavaThread "DefaultDispatcher-worker-1" daemon [_thread_blocked, id=236203, stack(0x0000768d969eb000,0x0000768d96aeb000) (1024K)]
  0x0000768dd8a4b320 JavaThread "DefaultDispatcher-worker-2" daemon [_thread_blocked, id=236204, stack(0x0000768d968ea000,0x0000768d969ea000) (1024K)]
  0x0000768d2c11a440 JavaThread "OkHttp https://poliba.prod.up.cineca.it/..."        [_thread_in_native, id=236206, stack(0x0000768d966e8000,0x0000768d967e8000) (1024K)]
  0x0000768dd8c7e870 JavaThread "HTTP-Dispatcher"                   [_thread_in_native, id=236207, stack(0x0000768d965e7000,0x0000768d966e7000) (1024K)]
  0x0000768dd802bb60 JavaThread "DestroyJavaVM"                     [_thread_blocked, id=236157, stack(0x0000768ddfe11000,0x0000768ddff11000) (1024K)]
  0x0000768d2802e260 JavaThread "OkHttp TaskRunner"          daemon [_thread_blocked, id=236208, stack(0x0000768d964e6000,0x0000768d965e6000) (1024K)]
  0x0000768d280373c0 JavaThread "Okio Watchdog"              daemon [_thread_blocked, id=236209, stack(0x0000768d976f8000,0x0000768d977f8000) (1024K)]
  0x0000768d20009ad0 JavaThread "OkHttp TaskRunner"          daemon [_thread_blocked, id=236247, stack(0x0000768d962e4000,0x0000768d963e4000) (1024K)]
Total: 24

Other Threads:
  0x0000768dd81943f0 VMThread "VM Thread"                           [id=236164, stack(0x0000768dc0759000,0x0000768dc0859000) (1024K)]
  0x0000768dd8144020 WatcherThread "VM Periodic Task Thread"        [id=236163, stack(0x0000768dc085a000,0x0000768dc095a000) (1024K)]
  0x0000768dd8091b60 WorkerThread "GC Thread#0"                     [id=236158, stack(0x0000768dc39a2000,0x0000768dc3aa2000) (1024K)]
  0x0000768da8008040 WorkerThread "GC Thread#1"                     [id=236177, stack(0x0000768d975f7000,0x0000768d976f7000) (1024K)]
  0x0000768da8008b60 WorkerThread "GC Thread#2"                     [id=236178, stack(0x0000768d974f6000,0x0000768d975f6000) (1024K)]
  0x0000768da8009680 WorkerThread "GC Thread#3"                     [id=236179, stack(0x0000768d973f5000,0x0000768d974f5000) (1024K)]
  0x0000768da800a1a0 WorkerThread "GC Thread#4"                     [id=236180, stack(0x0000768d972f4000,0x0000768d973f4000) (1024K)]
  0x0000768da80128e0 WorkerThread "GC Thread#5"                     [id=236181, stack(0x0000768d971f3000,0x0000768d972f3000) (1024K)]
  0x0000768da80133e0 WorkerThread "GC Thread#6"                     [id=236182, stack(0x0000768d970f2000,0x0000768d971f2000) (1024K)]
  0x0000768da8013f70 WorkerThread "GC Thread#7"                     [id=236183, stack(0x0000768d96ff1000,0x0000768d970f1000) (1024K)]
  0x0000768da8032730 WorkerThread "GC Thread#8"                     [id=236193, stack(0x0000768d95fe6000,0x0000768d960e6000) (1024K)]
  0x0000768da80330a0 WorkerThread "GC Thread#9"                     [id=236194, stack(0x0000768d95ee5000,0x0000768d95fe5000) (1024K)]
  0x0000768dd80a2100 ConcurrentGCThread "G1 Main Marker"            [id=236159, stack(0x0000768dc38a1000,0x0000768dc39a1000) (1024K)]
  0x0000768dd80a30a0 WorkerThread "G1 Conc#0"                       [id=236160, stack(0x0000768dc37a0000,0x0000768dc38a0000) (1024K)]
  0x0000768dd8133210 ConcurrentGCThread "G1 Refine#0"               [id=236161, stack(0x0000768dc0bf7000,0x0000768dc0cf7000) (1024K)]
  0x0000768dd81341c0 ConcurrentGCThread "G1 Service"                [id=236162, stack(0x0000768dc0af6000,0x0000768dc0bf6000) (1024K)]
Total: 16

Threads with active compile tasks:
C2 CompilerThread0     3041 2828       4       kotlin.text.StringsKt__StringsKt::indexOf$default (26 bytes)
Total: 1

VM state: not at safepoint (normal execution)

VM Mutex/Monitor currently owned by a thread: None

Heap address: 0x0000000710800000, size: 3832 MB, Compressed Oops mode: Zero based, Oop shift amount: 3

CDS archive(s) not mapped
Compressed class space mapped at: 0x0000000800000000-0x0000000840000000, reserved size: 1073741824
Narrow klass base: 0x0000000800000000, Narrow klass shift: 0, Narrow klass range: 0x40000000

GC Precious Log:
 CardTable entry size: 512
 Card Set container configuration: InlinePtr #cards 4 size 8 Array Of Cards #cards 16 size 48 Howl #buckets 8 coarsen threshold 3686 Howl Bitmap #cards 512 size 80 coarsen threshold 460 Card regions per heap region 1 cards per card region 4096
 CPUs: 12 total, 12 available
 Memory: 15325M
 Large Page Support: Disabled
 NUMA Support: Disabled
 Compressed Oops: Enabled (Zero based)
 Heap Region Size: 2M
 Heap Min Capacity: 8M
 Heap Initial Capacity: 240M
 Heap Max Capacity: 3832M
 Pre-touch: Disabled
 Parallel Workers: 10
 Concurrent Workers: 3
 Concurrent Refinement Workers: 10
 Periodic GC: Disabled

Heap:
 garbage-first heap   total 40960K, used 19268K [0x0000000710800000, 0x0000000800000000)
  region size 2048K, 6 young (12288K), 0 survivors (0K)
 Metaspace       used 40016K, committed 40384K, reserved 1114112K
  class space    used 4162K, committed 4352K, reserved 1048576K

Heap Regions: E=young(eden), S=young(survivor), O=old, HS=humongous(starts), HC=humongous(continues), CS=collection set, F=free, TAMS=top-at-mark-start, PB=parsable bottom
|   0|0x0000000710800000, 0x00000007109fffb0, 0x0000000710a00000| 99%| O|  |TAMS 0x0000000710800000| PB 0x0000000710800000| Untracked 
|   1|0x0000000710a00000, 0x0000000710ab1dc8, 0x0000000710c00000| 34%| O|  |TAMS 0x0000000710a00000| PB 0x0000000710a00000| Untracked 
|   2|0x0000000710c00000, 0x0000000710dfbde8, 0x0000000710e00000| 99%| O|  |TAMS 0x0000000710c00000| PB 0x0000000710c00000| Untracked 
|   3|0x0000000710e00000, 0x0000000710fffff0, 0x0000000711000000| 99%| O|  |TAMS 0x0000000710e00000| PB 0x0000000710e00000| Untracked 
|   4|0x0000000711000000, 0x0000000711000000, 0x0000000711200000|  0%| F|  |TAMS 0x0000000711000000| PB 0x0000000711000000| Untracked 
|   5|0x0000000711200000, 0x0000000711400000, 0x0000000711400000|100%| O|  |TAMS 0x0000000711200000| PB 0x0000000711200000| Untracked 
|   6|0x0000000711400000, 0x00000007114236b0, 0x0000000711600000|  6%| O|  |TAMS 0x0000000711400000| PB 0x0000000711400000| Untracked 
|   7|0x0000000711600000, 0x0000000711600000, 0x0000000711800000|  0%| F|  |TAMS 0x0000000711600000| PB 0x0000000711600000| Untracked 
|   8|0x0000000711800000, 0x0000000711800000, 0x0000000711a00000|  0%| F|  |TAMS 0x0000000711800000| PB 0x0000000711800000| Untracked 
|   9|0x0000000711a00000, 0x0000000711a00000, 0x0000000711c00000|  0%| F|  |TAMS 0x0000000711a00000| PB 0x0000000711a00000| Untracked 
|  10|0x0000000711c00000, 0x0000000711c00000, 0x0000000711e00000|  0%| F|  |TAMS 0x0000000711c00000| PB 0x0000000711c00000| Untracked 
|  11|0x0000000711e00000, 0x0000000711e00000, 0x0000000712000000|  0%| F|  |TAMS 0x0000000711e00000| PB 0x0000000711e00000| Untracked 
|  12|0x0000000712000000, 0x0000000712000000, 0x0000000712200000|  0%| F|  |TAMS 0x0000000712000000| PB 0x0000000712000000| Untracked 
|  13|0x0000000712200000, 0x0000000712288ed8, 0x0000000712400000| 26%| E|  |TAMS 0x0000000712200000| PB 0x0000000712200000| Complete 
|  14|0x0000000712400000, 0x0000000712600000, 0x0000000712600000|100%| E|CS|TAMS 0x0000000712400000| PB 0x0000000712400000| Complete 
|  15|0x0000000712600000, 0x0000000712800000, 0x0000000712800000|100%| E|CS|TAMS 0x0000000712600000| PB 0x0000000712600000| Complete 
|  16|0x0000000712800000, 0x0000000712a00000, 0x0000000712a00000|100%| E|  |TAMS 0x0000000712800000| PB 0x0000000712800000| Complete 
|  17|0x0000000712a00000, 0x0000000712c00000, 0x0000000712c00000|100%| E|CS|TAMS 0x0000000712a00000| PB 0x0000000712a00000| Complete 
|  18|0x0000000712c00000, 0x0000000712e00000, 0x0000000712e00000|100%| E|CS|TAMS 0x0000000712c00000| PB 0x0000000712c00000| Complete 
| 107|0x000000071de00000, 0x000000071e000000, 0x000000071e000000|100%| O|  |TAMS 0x000000071de00000| PB 0x000000071de00000| Untracked 

Card table byte_map: [0x0000768dc76fe000,0x0000768dc7e7a000] _byte_map_base: 0x0000768dc3e7a000

Marking Bits: (CMBitMap*) 0x0000768dd8092680
 Bits: [0x0000768dc3b1e000, 0x0000768dc76fe000)

Polling page: 0x0000768de17ff000

Metaspace:

Usage:
  Non-class:     35.01 MB used.
      Class:      4.06 MB used.
       Both:     39.08 MB used.

Virtual space:
  Non-class space:       64.00 MB reserved,      35.19 MB ( 55%) committed,  1 nodes.
      Class space:        1.00 GB reserved,       4.25 MB ( <1%) committed,  1 nodes.
             Both:        1.06 GB reserved,      39.44 MB (  4%) committed. 

Chunk freelists:
   Non-Class:  12.50 MB
       Class:  11.67 MB
        Both:  24.17 MB

MaxMetaspaceSize: unlimited
CompressedClassSpaceSize: 1.00 GB
Initial GC threshold: 21.00 MB
Current GC threshold: 58.38 MB
CDS: off
 - commit_granule_bytes: 65536.
 - commit_granule_words: 8192.
 - virtual_space_node_default_size: 8388608.
 - enlarge_chunks_in_place: 1.
 - use_allocation_guard: 0.


Internal statistics:

num_allocs_failed_limit: 6.
num_arena_births: 442.
num_arena_deaths: 0.
num_vsnodes_births: 2.
num_vsnodes_deaths: 0.
num_space_committed: 631.
num_space_uncommitted: 0.
num_chunks_returned_to_freelist: 6.
num_chunks_taken_from_freelist: 1311.
num_chunk_merges: 0.
num_chunk_splits: 802.
num_chunks_enlarged: 520.
num_inconsistent_stats: 0.

CodeHeap 'non-profiled nmethods': size=120028Kb used=1173Kb max_used=1173Kb free=118854Kb
 bounds [0x0000768dd0ac9000, 0x0000768dd0d39000, 0x0000768dd8000000]
CodeHeap 'profiled nmethods': size=120028Kb used=5216Kb max_used=5216Kb free=114811Kb
 bounds [0x0000768dc9000000, 0x0000768dc9520000, 0x0000768dd0537000]
CodeHeap 'non-nmethods': size=5704Kb used=1596Kb max_used=1627Kb free=4107Kb
 bounds [0x0000768dd0537000, 0x0000768dd07a7000, 0x0000768dd0ac9000]
 total_blobs=3491 nmethods=2829 adapters=567
 compilation: enabled
              stopped_count=0, restarted_count=0
 full_count=0

Compilation events (20 events):
Event: 2.948 Thread 0x0000768dd8226a90 nmethod 2815 0x0000768dd0bebc90 code [0x0000768dd0bebe20, 0x0000768dd0bebee8]
Event: 2.948 Thread 0x0000768dd8226a90 2816       3       kotlin.TuplesKt::to (10 bytes)
Event: 2.948 Thread 0x0000768dd8226a90 nmethod 2816 0x0000768dc9511b10 code [0x0000768dc9511cc0, 0x0000768dc9511f88]
Event: 2.948 Thread 0x0000768dd8226a90 2817       3       okio.Segment::pop (59 bytes)
Event: 2.949 Thread 0x0000768dd8226a90 nmethod 2817 0x0000768dc9512090 code [0x0000768dc9512320, 0x0000768dc9512e70]
Event: 2.950 Thread 0x0000768dd8225420 nmethod 2814 0x0000768dd0bebf90 code [0x0000768dd0bec140, 0x0000768dd0bec640]
Event: 2.986 Thread 0x0000768dd8226a90 2819       3       kotlin.text.StringsKt__StringsKt::trim (112 bytes)
Event: 2.987 Thread 0x0000768dd8226a90 nmethod 2819 0x0000768dc9513290 code [0x0000768dc9513580, 0x0000768dc9514560]
Event: 2.987 Thread 0x0000768dd8226a90 2820       1       java.util.concurrent.atomic.AtomicInteger::get (5 bytes)
Event: 2.987 Thread 0x0000768dd8226a90 nmethod 2820 0x0000768dd0becc10 code [0x0000768dd0becda0, 0x0000768dd0bece60]
Event: 2.987 Thread 0x0000768dd8226a90 2821       3       okio.Buffer::writeUtf8 (18 bytes)
Event: 2.987 Thread 0x0000768dd8225420 2823       4       kotlin.jvm.internal.Intrinsics::compare (20 bytes)
Event: 2.988 Thread 0x0000768dd8225420 nmethod 2823 0x0000768dd0becf10 code [0x0000768dd0bed080, 0x0000768dd0bed100]
Event: 2.988 Thread 0x0000768dd8226a90 nmethod 2821 0x0000768dc9514a90 code [0x0000768dc9514cc0, 0x0000768dc95153d0]
Event: 2.988 Thread 0x0000768dd8226a90 2822       3       okio.SegmentPool::recycle (133 bytes)
Event: 2.989 Thread 0x0000768dd8226a90 nmethod 2822 0x0000768dc9515690 code [0x0000768dc9515a40, 0x0000768dc95172c8]
Event: 2.989 Thread 0x0000768dd8226a90 2824       1       okhttp3.Request$Builder::getHeaders$okhttp (5 bytes)
Event: 2.989 Thread 0x0000768dd8226a90 nmethod 2824 0x0000768dd0bed210 code [0x0000768dd0bed3a0, 0x0000768dd0bed468]
Event: 2.989 Thread 0x0000768dd8226a90 2825       1       okhttp3.internal.connection.RealConnection::getRoute (5 bytes)
Event: 2.989 Thread 0x0000768dd8226a90 nmethod 2825 0x0000768dd0bed510 code [0x0000768dd0bed6a0, 0x0000768dd0bed768]

GC Heap History (12 events):
Event: 0.334 GC heap before
{Heap before GC invocations=0 (full 0):
 garbage-first heap   total 245760K, used 20480K [0x0000000710800000, 0x0000000800000000)
  region size 2048K, 11 young (22528K), 0 survivors (0K)
 Metaspace       used 14892K, committed 14976K, reserved 1114112K
  class space    used 1322K, committed 1344K, reserved 1048576K
}
Event: 0.342 GC heap after
{Heap after GC invocations=1 (full 0):
 garbage-first heap   total 245760K, used 5479K [0x0000000710800000, 0x0000000800000000)
  region size 2048K, 2 young (4096K), 2 survivors (4096K)
 Metaspace       used 14892K, committed 14976K, reserved 1114112K
  class space    used 1322K, committed 1344K, reserved 1048576K
}
Event: 0.505 GC heap before
{Heap before GC invocations=1 (full 0):
 garbage-first heap   total 245760K, used 21863K [0x0000000710800000, 0x0000000800000000)
  region size 2048K, 12 young (24576K), 2 survivors (4096K)
 Metaspace       used 21341K, committed 21504K, reserved 1114112K
  class space    used 2080K, committed 2176K, reserved 1048576K
}
Event: 0.514 GC heap after
{Heap after GC invocations=2 (full 1):
 garbage-first heap   total 40960K, used 6693K [0x0000000710800000, 0x0000000800000000)
  region size 2048K, 0 young (0K), 0 survivors (0K)
 Metaspace       used 21341K, committed 21504K, reserved 1114112K
  class space    used 2080K, committed 2176K, reserved 1048576K
}
Event: 0.662 GC heap before
{Heap before GC invocations=2 (full 1):
 garbage-first heap   total 40960K, used 21029K [0x0000000710800000, 0x0000000800000000)
  region size 2048K, 7 young (14336K), 0 survivors (0K)
 Metaspace       used 26627K, committed 26944K, reserved 1114112K
  class space    used 2719K, committed 2816K, reserved 1048576K
}
Event: 0.665 GC heap after
{Heap after GC invocations=3 (full 1):
 garbage-first heap   total 40960K, used 8427K [0x0000000710800000, 0x0000000800000000)
  region size 2048K, 1 young (2048K), 1 survivors (2048K)
 Metaspace       used 26627K, committed 26944K, reserved 1114112K
  class space    used 2719K, committed 2816K, reserved 1048576K
}
Event: 0.754 GC heap before
{Heap before GC invocations=3 (full 1):
 garbage-first heap   total 40960K, used 20715K [0x0000000710800000, 0x0000000800000000)
  region size 2048K, 8 young (16384K), 1 survivors (2048K)
 Metaspace       used 31087K, committed 31360K, reserved 1114112K
  class space    used 3161K, committed 3264K, reserved 1048576K
}
Event: 0.759 GC heap after
{Heap after GC invocations=4 (full 1):
 garbage-first heap   total 40960K, used 10991K [0x0000000710800000, 0x0000000800000000)
  region size 2048K, 1 young (2048K), 1 survivors (2048K)
 Metaspace       used 31087K, committed 31360K, reserved 1114112K
  class space    used 3161K, committed 3264K, reserved 1048576K
}
Event: 0.846 GC heap before
{Heap before GC invocations=4 (full 1):
 garbage-first heap   total 40960K, used 23279K [0x0000000710800000, 0x0000000800000000)
  region size 2048K, 7 young (14336K), 1 survivors (2048K)
 Metaspace       used 34969K, committed 35328K, reserved 1114112K
  class space    used 3578K, committed 3776K, reserved 1048576K
}
Event: 0.848 GC heap after
{Heap after GC invocations=5 (full 1):
 garbage-first heap   total 40960K, used 11414K [0x0000000710800000, 0x0000000800000000)
  region size 2048K, 1 young (2048K), 1 survivors (2048K)
 Metaspace       used 34969K, committed 35328K, reserved 1114112K
  class space    used 3578K, committed 3776K, reserved 1048576K
}
Event: 0.869 GC heap before
{Heap before GC invocations=5 (full 1):
 garbage-first heap   total 40960K, used 11414K [0x0000000710800000, 0x0000000800000000)
  region size 2048K, 2 young (4096K), 1 survivors (2048K)
 Metaspace       used 35447K, committed 35840K, reserved 1114112K
  class space    used 3639K, committed 3840K, reserved 1048576K
}
Event: 0.884 GC heap after
{Heap after GC invocations=6 (full 2):
 garbage-first heap   total 40960K, used 11076K [0x0000000710800000, 0x0000000800000000)
  region size 2048K, 0 young (0K), 0 survivors (0K)
 Metaspace       used 35447K, committed 35840K, reserved 1114112K
  class space    used 3639K, committed 3840K, reserved 1048576K
}

Dll operation events (11 events):
Event: 0.001 Loaded shared library /home/rattly/.jdks/jbr_jcef-21.0.2-linux-x64-b375.1/lib/libjava.so
Event: 0.006 Loaded shared library /home/rattly/.jdks/jbr_jcef-21.0.2-linux-x64-b375.1/lib/libzip.so
Event: 0.112 Loaded shared library /home/rattly/.jdks/jbr_jcef-21.0.2-linux-x64-b375.1/lib/libinstrument.so
Event: 0.117 Loaded shared library /home/rattly/.jdks/jbr_jcef-21.0.2-linux-x64-b375.1/lib/libnio.so
Event: 0.124 Loaded shared library /home/rattly/.jdks/jbr_jcef-21.0.2-linux-x64-b375.1/lib/libzip.so
Event: 0.161 Loaded shared library /home/rattly/.jdks/jbr_jcef-21.0.2-linux-x64-b375.1/lib/libnet.so
Event: 0.167 Loaded shared library /home/rattly/.jdks/jbr_jcef-21.0.2-linux-x64-b375.1/lib/libextnet.so
Event: 0.251 Loaded shared library /home/rattly/.jdks/jbr_jcef-21.0.2-linux-x64-b375.1/lib/libjimage.so
Event: 0.333 Loaded shared library /home/rattly/.jdks/jbr_jcef-21.0.2-linux-x64-b375.1/lib/libmanagement.so
Event: 0.352 Loaded shared library /home/rattly/.jdks/jbr_jcef-21.0.2-linux-x64-b375.1/lib/libmanagement_ext.so
Event: 2.958 Loaded shared library /home/rattly/.local/share/JetBrains/Toolbox/apps/intellij-idea-ultimate-2/lib/async-profiler/amd64/libasyncProfiler.so

Deoptimization events (20 events):
Event: 2.205 Thread 0x0000768d2c11a440 DEOPT PACKING pc=0x0000768dc94c9e8a sp=0x0000768d967e4ab0
Event: 2.205 Thread 0x0000768d2c11a440 DEOPT UNPACKING pc=0x0000768dd058b72f sp=0x0000768d967e3f28 mode 0
Event: 2.205 Thread 0x0000768d2c11a440 DEOPT PACKING pc=0x0000768dc94c9e8a sp=0x0000768d967e4a30
Event: 2.205 Thread 0x0000768d2c11a440 DEOPT UNPACKING pc=0x0000768dd058b72f sp=0x0000768d967e3ea8 mode 0
Event: 2.205 Thread 0x0000768d2c11a440 DEOPT PACKING pc=0x0000768dc94c9e8a sp=0x0000768d967e4ab0
Event: 2.205 Thread 0x0000768d2c11a440 DEOPT UNPACKING pc=0x0000768dd058b72f sp=0x0000768d967e3f28 mode 0
Event: 2.205 Thread 0x0000768d2c11a440 DEOPT PACKING pc=0x0000768dc94c9e8a sp=0x0000768d967e4ab0
Event: 2.205 Thread 0x0000768d2c11a440 DEOPT UNPACKING pc=0x0000768dd058b72f sp=0x0000768d967e3f28 mode 0
Event: 2.205 Thread 0x0000768d2c11a440 Uncommon trap: trap_request=0xffffff6e fr.pc=0x0000768dd0bd1a60 relative=0x0000000000000240
Event: 2.205 Thread 0x0000768d2c11a440 Uncommon trap: reason=loop_limit_check action=maybe_recompile pc=0x0000768dd0bd1a60 method=java.math.BigInteger.implMulAdd([I[IIII)I @ 26 c2
Event: 2.205 Thread 0x0000768d2c11a440 DEOPT PACKING pc=0x0000768dd0bd1a60 sp=0x0000768d967e4a40
Event: 2.205 Thread 0x0000768d2c11a440 DEOPT UNPACKING pc=0x0000768dd058af99 sp=0x0000768d967e49b0 mode 2
Event: 2.379 Thread 0x0000768d2c11a440 DEOPT PACKING pc=0x0000768dc9441259 sp=0x0000768d967e5980
Event: 2.379 Thread 0x0000768d2c11a440 DEOPT UNPACKING pc=0x0000768dd058b72f sp=0x0000768d967e4e10 mode 0
Event: 2.469 Thread 0x0000768d2c11a440 DEOPT PACKING pc=0x0000768dc94b7b5e sp=0x0000768d967e54d0
Event: 2.469 Thread 0x0000768d2c11a440 DEOPT UNPACKING pc=0x0000768dd058b72f sp=0x0000768d967e4920 mode 0
Event: 2.775 Thread 0x0000768d2c11a440 Uncommon trap: trap_request=0xffffffcc fr.pc=0x0000768dd0be9874 relative=0x0000000000000334
Event: 2.775 Thread 0x0000768d2c11a440 Uncommon trap: reason=intrinsic_or_type_checked_inlining action=make_not_entrant pc=0x0000768dd0be9874 method=java.util.Arrays.copyOf([Ljava/lang/Object;ILjava/lang/Class;)[Ljava/lang/Object; @ 35 c2
Event: 2.775 Thread 0x0000768d2c11a440 DEOPT PACKING pc=0x0000768dd0be9874 sp=0x0000768d967e5df0
Event: 2.775 Thread 0x0000768d2c11a440 DEOPT UNPACKING pc=0x0000768dd058af99 sp=0x0000768d967e5d80 mode 2

Classes loaded (20 events):
Event: 2.211 Loading class sun/security/ssl/Finished$1
Event: 2.211 Loading class sun/security/ssl/Finished$1 done
Event: 2.211 Loading class sun/security/ssl/SSLBasicKeyDerivation
Event: 2.211 Loading class sun/security/ssl/SSLBasicKeyDerivation done
Event: 2.211 Loading class sun/security/ssl/SSLBasicKeyDerivation$SecretSizeSpec
Event: 2.211 Loading class sun/security/ssl/SSLBasicKeyDerivation$SecretSizeSpec done
Event: 2.212 Loading class com/sun/crypto/provider/GaloisCounterMode$GCMEncrypt
Event: 2.212 Loading class com/sun/crypto/provider/GaloisCounterMode$GCMEncrypt done
Event: 2.212 Loading class com/sun/crypto/provider/GaloisCounterMode$EncryptOp
Event: 2.212 Loading class com/sun/crypto/provider/GaloisCounterMode$EncryptOp done
Event: 2.213 Loading class javax/net/ssl/SSLEngineResult$HandshakeStatus
Event: 2.213 Loading class javax/net/ssl/SSLEngineResult$HandshakeStatus done
Event: 2.213 Loading class jdk/internal/event/TLSHandshakeEvent
Event: 2.213 Loading class jdk/internal/event/TLSHandshakeEvent done
Event: 2.260 Loading class sun/security/ssl/PostHandshakeContext
Event: 2.261 Loading class sun/security/ssl/PostHandshakeContext done
Event: 2.261 Loading class sun/security/ssl/NewSessionTicket$T13NewSessionTicketMessage
Event: 2.261 Loading class sun/security/ssl/NewSessionTicket$NewSessionTicketMessage
Event: 2.261 Loading class sun/security/ssl/NewSessionTicket$NewSessionTicketMessage done
Event: 2.261 Loading class sun/security/ssl/NewSessionTicket$T13NewSessionTicketMessage done

Classes unloaded (0 events):
No events

Classes redefined (0 events):
No events

Internal exceptions (20 events):
Event: 0.642 Thread 0x0000768d48003260 Exception <a 'java/lang/NoSuchMethodError'{0x0000000712300108}: 'long java.lang.invoke.DelegatingMethodHandle$Holder.reinvoke_L(java.lang.Object, java.lang.Object)'> (0x0000000712300108) 
thrown [src/hotspot/share/interpreter/linkResolver.cpp, line 783]
Event: 0.655 Thread 0x0000768dd802bb60 Exception <a 'java/lang/NoSuchMethodError'{0x0000000712063d50}: 'java.lang.Object java.lang.invoke.DirectMethodHandle$Holder.newInvokeSpecial(java.lang.Object, java.lang.Object, java.lang.Object, int, java.lang.Object)'> (0x0000000712063d50) 
thrown [src/hotspot/share/interpreter/linkResolver.cpp, line 783]
Event: 0.655 Thread 0x0000768dd802bb60 Exception <a 'java/lang/NoSuchMethodError'{0x0000000712067970}: 'java.lang.Object java.lang.invoke.DirectMethodHandle$Holder.invokeSpecial(java.lang.Object, java.lang.Object, java.lang.Object, java.lang.Object, int, java.lang.Object)'> (0x0000000712067970) 
thrown [src/hotspot/share/interpreter/linkResolver.cpp, line 783]
Event: 0.687 Thread 0x0000768dd8a4a3a0 Exception <a 'java/lang/NoSuchMethodError'{0x00000007128c2130}: 'java.lang.Object java.lang.invoke.DirectMethodHandle$Holder.invokeStatic(java.lang.Object, java.lang.Object, int, java.lang.Object)'> (0x00000007128c2130) 
thrown [src/hotspot/share/interpreter/linkResolver.cpp, line 783]
Event: 0.688 Thread 0x0000768dd8a4a3a0 Exception <a 'java/lang/NoSuchMethodError'{0x00000007128f4f18}: 'java.lang.Object java.lang.invoke.DirectMethodHandle$Holder.newInvokeSpecial(java.lang.Object, java.lang.Object, int)'> (0x00000007128f4f18) 
thrown [src/hotspot/share/interpreter/linkResolver.cpp, line 783]
Event: 0.729 Thread 0x0000768dd8a4a3a0 Exception <a 'java/lang/NoSuchMethodError'{0x000000071233b9b0}: 'void java.lang.invoke.DirectMethodHandle$Holder.invokeVirtual(java.lang.Object, java.lang.Object)'> (0x000000071233b9b0) 
thrown [src/hotspot/share/interpreter/linkResolver.cpp, line 783]
Event: 0.849 Thread 0x0000768dd802bb60 Exception <a 'java/lang/NoSuchMethodError'{0x0000000712c07b68}: 'long java.lang.invoke.DirectMethodHandle$Holder.invokeStaticInit(java.lang.Object, java.lang.Object)'> (0x0000000712c07b68) 
thrown [src/hotspot/share/interpreter/linkResolver.cpp, line 783]
Event: 0.851 Thread 0x0000768dd802bb60 Exception <a 'java/lang/NoSuchMethodError'{0x0000000712c13cb0}: 'long java.lang.invoke.DirectMethodHandle$Holder.invokeInterface(java.lang.Object, java.lang.Object)'> (0x0000000712c13cb0) 
thrown [src/hotspot/share/interpreter/linkResolver.cpp, line 783]
Event: 0.851 Thread 0x0000768dd802bb60 Exception <a 'java/lang/IncompatibleClassChangeError'{0x0000000712c16f60}: Found class java.lang.Object, but interface was expected> (0x0000000712c16f60) 
thrown [src/hotspot/share/interpreter/linkResolver.cpp, line 851]
Event: 0.885 Thread 0x0000768dd802bb60 Exception <a 'java/lang/ClassNotFoundException'{0x0000000712c09ba0}: sun/util/logging/resources/spi/loggingProvider> (0x0000000712c09ba0) 
thrown [src/hotspot/share/classfile/systemDictionary.cpp, line 312]
Event: 1.652 Thread 0x0000768d48003260 Exception <a 'sun/nio/fs/UnixException'{0x0000000712d62998}> (0x0000000712d62998) 
thrown [src/hotspot/share/prims/jni.cpp, line 535]
Event: 1.652 Thread 0x0000768d48003260 Exception <a 'sun/nio/fs/UnixException'{0x0000000712d63a28}> (0x0000000712d63a28) 
thrown [src/hotspot/share/prims/jni.cpp, line 535]
Event: 1.652 Thread 0x0000768d48003260 Exception <a 'sun/nio/fs/UnixException'{0x0000000712d64830}> (0x0000000712d64830) 
thrown [src/hotspot/share/prims/jni.cpp, line 535]
Event: 1.891 Thread 0x0000768dd8a4a3a0 Exception <a 'java/lang/NoSuchMethodError'{0x0000000712acccd0}: 'int java.lang.invoke.DirectMethodHandle$Holder.invokeStatic(java.lang.Object)'> (0x0000000712acccd0) 
thrown [src/hotspot/share/interpreter/linkResolver.cpp, line 783]
Event: 1.900 Thread 0x0000768dd8a4a3a0 Exception <a 'java/lang/NoSuchMethodError'{0x0000000712ba1b88}: 'java.lang.Object java.lang.invoke.DirectMethodHandle$Holder.newInvokeSpecial(java.lang.Object, java.lang.Object, java.lang.Object, int)'> (0x0000000712ba1b88) 
thrown [src/hotspot/share/interpreter/linkResolver.cpp, line 783]
Event: 1.901 Thread 0x0000768dd8a4a3a0 Exception <a 'java/lang/NoSuchMethodError'{0x0000000712ba5758}: 'java.lang.Object java.lang.invoke.DirectMethodHandle$Holder.invokeSpecial(java.lang.Object, java.lang.Object, java.lang.Object, java.lang.Object, int)'> (0x0000000712ba5758) 
thrown [src/hotspot/share/interpreter/linkResolver.cpp, line 783]
Event: 1.901 Thread 0x0000768dd8a4a3a0 Exception <a 'java/lang/NoSuchMethodError'{0x0000000712ba8930}: 'java.lang.Object java.lang.invoke.Invokers$Holder.linkToTargetMethod(java.lang.Object, java.lang.Object, int, java.lang.Object)'> (0x0000000712ba8930) 
thrown [src/hotspot/share/interpreter/linkResolver.cpp, line 783]
Event: 2.656 Thread 0x0000768d48003260 Exception <a 'sun/nio/fs/UnixException'{0x0000000712210e28}> (0x0000000712210e28) 
thrown [src/hotspot/share/prims/jni.cpp, line 535]
Event: 2.656 Thread 0x0000768d48003260 Exception <a 'sun/nio/fs/UnixException'{0x0000000712211c30}> (0x0000000712211c30) 
thrown [src/hotspot/share/prims/jni.cpp, line 535]
Event: 2.656 Thread 0x0000768d48003260 Exception <a 'sun/nio/fs/UnixException'{0x0000000712212a38}> (0x0000000712212a38) 
thrown [src/hotspot/share/prims/jni.cpp, line 535]

ZGC Phase Switch (0 events):
No events

VM Operations (20 events):
Event: 0.724 Executing VM operation: HandshakeAllThreads (Deoptimize)
Event: 0.724 Executing VM operation: HandshakeAllThreads (Deoptimize) done
Event: 0.742 Executing VM operation: HandshakeAllThreads (Deoptimize)
Event: 0.742 Executing VM operation: HandshakeAllThreads (Deoptimize) done
Event: 0.753 Executing VM operation: G1CollectForAllocation (G1 Evacuation Pause)
Event: 0.759 Executing VM operation: G1CollectForAllocation (G1 Evacuation Pause) done
Event: 0.792 Executing VM operation: HandshakeAllThreads (Deoptimize)
Event: 0.792 Executing VM operation: HandshakeAllThreads (Deoptimize) done
Event: 0.846 Executing VM operation: G1CollectForAllocation (G1 Evacuation Pause)
Event: 0.848 Executing VM operation: G1CollectForAllocation (G1 Evacuation Pause) done
Event: 0.862 Executing VM operation: HandshakeAllThreads (Deoptimize)
Event: 0.862 Executing VM operation: HandshakeAllThreads (Deoptimize) done
Event: 0.869 Executing VM operation: CollectForMetadataAllocation (Metadata GC Threshold)
Event: 0.884 Executing VM operation: CollectForMetadataAllocation (Metadata GC Threshold) done
Event: 1.884 Executing VM operation: Cleanup
Event: 1.884 Executing VM operation: Cleanup done
Event: 1.893 Executing VM operation: HandshakeAllThreads (Deoptimize)
Event: 1.893 Executing VM operation: HandshakeAllThreads (Deoptimize) done
Event: 2.893 Executing VM operation: Cleanup
Event: 2.893 Executing VM operation: Cleanup done

Events (20 events):
Event: 0.891 Thread 0x0000768dd802bb60 Thread exited: 0x0000768dd802bb60
Event: 0.891 Protecting memory [0x0000768ddfe11000,0x0000768ddfe15000] with protection modes 0
Event: 0.891 Thread 0x0000768dd802bb60 Thread added: 0x0000768dd802bb60
Event: 1.022 Thread 0x0000768d2802e260 Thread added: 0x0000768d2802e260
Event: 1.022 Protecting memory [0x0000768d964e6000,0x0000768d964ea000] with protection modes 0
Event: 1.055 Thread 0x0000768d7c4ebb40 Thread exited: 0x0000768d7c4ebb40
Event: 1.055 Thread 0x0000768d7c446fe0 Thread exited: 0x0000768d7c446fe0
Event: 1.062 Thread 0x0000768d280373c0 Thread added: 0x0000768d280373c0
Event: 1.063 Protecting memory [0x0000768d976f8000,0x0000768d976fc000] with protection modes 0
Event: 1.903 Thread 0x0000768d7c50a230 Thread added: 0x0000768d7c50a230
Event: 1.903 Protecting memory [0x0000768d967e9000,0x0000768d967ed000] with protection modes 0
Event: 1.908 Thread 0x0000768d885a7660 Thread added: 0x0000768d885a7660
Event: 1.908 Protecting memory [0x0000768d963e5000,0x0000768d963e9000] with protection modes 0
Event: 1.976 Thread 0x0000768d20009ad0 Thread added: 0x0000768d20009ad0
Event: 1.976 Protecting memory [0x0000768d962e4000,0x0000768d962e8000] with protection modes 0
Event: 2.024 Thread 0x0000768d885a7660 Thread exited: 0x0000768d885a7660
Event: 2.026 Thread 0x0000768d240bf440 Thread added: 0x0000768d240bf440
Event: 2.026 Protecting memory [0x0000768d963e5000,0x0000768d963e9000] with protection modes 0
Event: 2.602 Thread 0x0000768d240bf440 Thread exited: 0x0000768d240bf440
Event: 2.602 Thread 0x0000768d7c50a230 Thread exited: 0x0000768d7c50a230


Dynamic libraries:
710800000-712e00000 rw-p 00000000 00:00 0 
712e00000-71de00000 ---p 00000000 00:00 0 
71de00000-71e000000 rw-p 00000000 00:00 0 
71e000000-800000000 ---p 00000000 00:00 0 
800000000-800040000 rw-p 00000000 00:00 0 
800040000-8000c0000 rw-p 00000000 00:00 0 
8000c0000-800140000 rw-p 00000000 00:00 0 
800140000-8001c0000 rw-p 00000000 00:00 0 
8001c0000-800240000 rw-p 00000000 00:00 0 
800240000-8002c0000 rw-p 00000000 00:00 0 
8002c0000-800300000 rw-p 00000000 00:00 0 
800300000-800380000 rw-p 00000000 00:00 0 
800380000-800420000 rw-p 00000000 00:00 0 
800420000-800440000 ---p 00000000 00:00 0 
800440000-800460000 rw-p 00000000 00:00 0 
800460000-840000000 ---p 00000000 00:00 0 
653afd770000-653afd771000 r--p 00000000 103:03 6430893                   /home/rattly/.jdks/jbr_jcef-21.0.2-linux-x64-b375.1/bin/java
653afd771000-653afd772000 r-xp 00001000 103:03 6430893                   /home/rattly/.jdks/jbr_jcef-21.0.2-linux-x64-b375.1/bin/java
653afd772000-653afd773000 r--p 00002000 103:03 6430893                   /home/rattly/.jdks/jbr_jcef-21.0.2-linux-x64-b375.1/bin/java
653afd773000-653afd774000 r--p 00002000 103:03 6430893                   /home/rattly/.jdks/jbr_jcef-21.0.2-linux-x64-b375.1/bin/java
653afd774000-653afd775000 rw-p 00003000 103:03 6430893                   /home/rattly/.jdks/jbr_jcef-21.0.2-linux-x64-b375.1/bin/java
653b3c651000-653b3c699000 rw-p 00000000 00:00 0                          [heap]
768d14000000-768d14115000 rw-p 00000000 00:00 0 
768d14115000-768d18000000 ---p 00000000 00:00 0 
768d18000000-768d18021000 rw-p 00000000 00:00 0 
768d18021000-768d1c000000 ---p 00000000 00:00 0 
768d1c000000-768d1c021000 rw-p 00000000 00:00 0 
768d1c021000-768d20000000 ---p 00000000 00:00 0 
768d20000000-768d20021000 rw-p 00000000 00:00 0 
768d20021000-768d24000000 ---p 00000000 00:00 0 
768d24000000-768d24383000 rw-p 00000000 00:00 0 
768d24383000-768d28000000 ---p 00000000 00:00 0 
768d28000000-768d280ee000 rw-p 00000000 00:00 0 
768d280ee000-768d2c000000 ---p 00000000 00:00 0 
768d2c000000-768d2c197000 rw-p 00000000 00:00 0 
768d2c197000-768d30000000 ---p 00000000 00:00 0 
768d30000000-768d30021000 rw-p 00000000 00:00 0 
768d30021000-768d34000000 ---p 00000000 00:00 0 
768d34000000-768d34021000 rw-p 00000000 00:00 0 
768d34021000-768d38000000 ---p 00000000 00:00 0 
768d38000000-768d38021000 rw-p 00000000 00:00 0 
768d38021000-768d3c000000 ---p 00000000 00:00 0 
768d3c000000-768d3c042000 rw-p 00000000 00:00 0 
768d3c042000-768d40000000 ---p 00000000 00:00 0 
768d40000000-768d40021000 rw-p 00000000 00:00 0 
768d40021000-768d44000000 ---p 00000000 00:00 0 
768d44000000-768d44021000 rw-p 00000000 00:00 0 
768d44021000-768d48000000 ---p 00000000 00:00 0 
768d48000000-768d48021000 rw-p 00000000 00:00 0 
768d48021000-768d4c000000 ---p 00000000 00:00 0 
768d4c000000-768d4c021000 rw-p 00000000 00:00 0 
768d4c021000-768d50000000 ---p 00000000 00:00 0 
768d50000000-768d50021000 rw-p 00000000 00:00 0 
768d50021000-768d54000000 ---p 00000000 00:00 0 
768d54000000-768d54021000 rw-p 00000000 00:00 0 
768d54021000-768d58000000 ---p 00000000 00:00 0 
768d58000000-768d58021000 rw-p 00000000 00:00 0 
768d58021000-768d5c000000 ---p 00000000 00:00 0 
768d5c000000-768d5c021000 rw-p 00000000 00:00 0 
768d5c021000-768d60000000 ---p 00000000 00:00 0 
768d60000000-768d60021000 rw-p 00000000 00:00 0 
768d60021000-768d64000000 ---p 00000000 00:00 0 
768d64000000-768d64021000 rw-p 00000000 00:00 0 
768d64021000-768d68000000 ---p 00000000 00:00 0 
768d68000000-768d68021000 rw-p 00000000 00:00 0 
768d68021000-768d6c000000 ---p 00000000 00:00 0 
768d6c000000-768d6c021000 rw-p 00000000 00:00 0 
768d6c021000-768d70000000 ---p 00000000 00:00 0 
768d70000000-768d70397000 rw-p 00000000 00:00 0 
768d70397000-768d74000000 ---p 00000000 00:00 0 
768d74000000-768d74a76000 rw-p 00000000 00:00 0 
768d74a76000-768d78000000 ---p 00000000 00:00 0 
768d78000000-768d78021000 rw-p 00000000 00:00 0 
768d78021000-768d7c000000 ---p 00000000 00:00 0 
768d7c000000-768d7c625000 rw-p 00000000 00:00 0 
768d7c625000-768d80000000 ---p 00000000 00:00 0 
768d80000000-768d80021000 rw-p 00000000 00:00 0 
768d80021000-768d84000000 ---p 00000000 00:00 0 
768d84000000-768d84021000 rw-p 00000000 00:00 0 
768d84021000-768d88000000 ---p 00000000 00:00 0 
768d88000000-768d88c85000 rw-p 00000000 00:00 0 
768d88c85000-768d8c000000 ---p 00000000 00:00 0 
768d8c000000-768d8c021000 rw-p 00000000 00:00 0 
768d8c021000-768d90000000 ---p 00000000 00:00 0 
768d90000000-768d90021000 rw-p 00000000 00:00 0 
768d90021000-768d94000000 ---p 00000000 00:00 0 
768d9462a000-768d95a00000 rw-p 00000000 00:00 0 
768d95a00000-768d95ae2000 r-xp 00000000 103:03 393804                    /home/rattly/.local/share/JetBrains/Toolbox/apps/intellij-idea-ultimate-2/lib/async-profiler/amd64/libasyncProfiler.so
768d95ae2000-768d95ce1000 ---p 000e2000 103:03 393804                    /home/rattly/.local/share/JetBrains/Toolbox/apps/intellij-idea-ultimate-2/lib/async-profiler/amd64/libasyncProfiler.so
768d95ce1000-768d95ce7000 r--p 000e1000 103:03 393804                    /home/rattly/.local/share/JetBrains/Toolbox/apps/intellij-idea-ultimate-2/lib/async-profiler/amd64/libasyncProfiler.so
768d95ce7000-768d95ce8000 rw-p 000e7000 103:03 393804                    /home/rattly/.local/share/JetBrains/Toolbox/apps/intellij-idea-ultimate-2/lib/async-profiler/amd64/libasyncProfiler.so
768d95ce8000-768d95cf5000 rw-p 00000000 00:00 0 
768d95ee4000-768d95ee5000 ---p 00000000 00:00 0 
768d95ee5000-768d95fe5000 rw-p 00000000 00:00 0 
768d95fe5000-768d95fe6000 ---p 00000000 00:00 0 
768d95fe6000-768d960e6000 rw-p 00000000 00:00 0 
768d962e3000-768d962e4000 ---p 00000000 00:00 0 
768d962e4000-768d962e8000 ---p 00000000 00:00 0 
768d962e8000-768d963e4000 rw-p 00000000 00:00 0 
768d963e4000-768d963e5000 ---p 00000000 00:00 0 
768d963e5000-768d963e9000 ---p 00000000 00:00 0 
768d963e9000-768d964e5000 rw-p 00000000 00:00 0 
768d964e5000-768d964e6000 ---p 00000000 00:00 0 
768d964e6000-768d964ea000 ---p 00000000 00:00 0 
768d964ea000-768d965e6000 rw-p 00000000 00:00 0 
768d965e6000-768d965e7000 ---p 00000000 00:00 0 
768d965e7000-768d965eb000 ---p 00000000 00:00 0 
768d965eb000-768d966e7000 rw-p 00000000 00:00 0 
768d966e7000-768d966e8000 ---p 00000000 00:00 0 
768d966e8000-768d966ec000 ---p 00000000 00:00 0 
768d966ec000-768d967e8000 rw-p 00000000 00:00 0 
768d967e8000-768d967e9000 ---p 00000000 00:00 0 
768d967e9000-768d967ed000 ---p 00000000 00:00 0 
768d967ed000-768d968e9000 rw-p 00000000 00:00 0 
768d968e9000-768d968ea000 ---p 00000000 00:00 0 
768d968ea000-768d968ee000 ---p 00000000 00:00 0 
768d968ee000-768d969ea000 rw-p 00000000 00:00 0 
768d969ea000-768d969eb000 ---p 00000000 00:00 0 
768d969eb000-768d969ef000 ---p 00000000 00:00 0 
768d969ef000-768d96aeb000 rw-p 00000000 00:00 0 
768d96aeb000-768d96aec000 ---p 00000000 00:00 0 
768d96aec000-768d96af0000 ---p 00000000 00:00 0 
768d96af0000-768d96bec000 rw-p 00000000 00:00 0 
768d96bec000-768d96bed000 ---p 00000000 00:00 0 
768d96bed000-768d96bf1000 ---p 00000000 00:00 0 
768d96bf1000-768d96ced000 rw-p 00000000 00:00 0 
768d96ced000-768d96cee000 ---p 00000000 00:00 0 
768d96cee000-768d96cf2000 ---p 00000000 00:00 0 
768d96cf2000-768d96dee000 rw-p 00000000 00:00 0 
768d96dee000-768d96def000 ---p 00000000 00:00 0 
768d96def000-768d96df3000 ---p 00000000 00:00 0 
768d96df3000-768d96eef000 rw-p 00000000 00:00 0 
768d96eef000-768d96ef0000 ---p 00000000 00:00 0 
768d96ef0000-768d96ef4000 ---p 00000000 00:00 0 
768d96ef4000-768d96ff0000 rw-p 00000000 00:00 0 
768d96ff0000-768d96ff1000 ---p 00000000 00:00 0 
768d96ff1000-768d970f1000 rw-p 00000000 00:00 0 
768d970f1000-768d970f2000 ---p 00000000 00:00 0 
768d970f2000-768d971f2000 rw-p 00000000 00:00 0 
768d971f2000-768d971f3000 ---p 00000000 00:00 0 
768d971f3000-768d972f3000 rw-p 00000000 00:00 0 
768d972f3000-768d972f4000 ---p 00000000 00:00 0 
768d972f4000-768d973f4000 rw-p 00000000 00:00 0 
768d973f4000-768d973f5000 ---p 00000000 00:00 0 
768d973f5000-768d974f5000 rw-p 00000000 00:00 0 
768d974f5000-768d974f6000 ---p 00000000 00:00 0 
768d974f6000-768d975f6000 rw-p 00000000 00:00 0 
768d975f6000-768d975f7000 ---p 00000000 00:00 0 
768d975f7000-768d976f7000 rw-p 00000000 00:00 0 
768d976f7000-768d976f8000 ---p 00000000 00:00 0 
768d976f8000-768d976fc000 ---p 00000000 00:00 0 
768d976fc000-768d977f8000 rw-p 00000000 00:00 0 
768d977f8000-768d977f9000 ---p 00000000 00:00 0 
768d977f9000-768d977fd000 ---p 00000000 00:00 0 
768d977fd000-768d978f9000 rw-p 00000000 00:00 0 
768d978f9000-768d978fa000 ---p 00000000 00:00 0 
768d978fa000-768d978fe000 ---p 00000000 00:00 0 
768d978fe000-768d979fa000 rw-p 00000000 00:00 0 
768d979fa000-768d979fb000 ---p 00000000 00:00 0 
768d979fb000-768d979ff000 ---p 00000000 00:00 0 
768d979ff000-768d97afb000 rw-p 00000000 00:00 0 
768d97afb000-768d97afc000 ---p 00000000 00:00 0 
768d97afc000-768d97b00000 ---p 00000000 00:00 0 
768d97b00000-768d97bfc000 rw-p 00000000 00:00 0 
768d97bfc000-768d97bfd000 ---p 00000000 00:00 0 
768d97bfd000-768d97c01000 ---p 00000000 00:00 0 
768d97c01000-768d97cfd000 rw-p 00000000 00:00 0 
768d97cfd000-768d97cfe000 ---p 00000000 00:00 0 
768d97cfe000-768d97d02000 ---p 00000000 00:00 0 
768d97d02000-768d97dfe000 rw-p 00000000 00:00 0 
768d97dfe000-768d97dff000 ---p 00000000 00:00 0 
768d97dff000-768d97e03000 ---p 00000000 00:00 0 
768d97e03000-768d97eff000 rw-p 00000000 00:00 0 
768d97eff000-768d97f00000 ---p 00000000 00:00 0 
768d97f00000-768d97f04000 ---p 00000000 00:00 0 
768d97f04000-768d98000000 rw-p 00000000 00:00 0 
768d98000000-768d98021000 rw-p 00000000 00:00 0 
768d98021000-768d9c000000 ---p 00000000 00:00 0 
768d9c000000-768d9c021000 rw-p 00000000 00:00 0 
768d9c021000-768da0000000 ---p 00000000 00:00 0 
768da0000000-768da0500000 rw-p 00000000 00:00 0 
768da0500000-768da0520000 rw-p 00000000 00:00 0 
768da0520000-768da0540000 rw-p 00000000 00:00 0 
768da0540000-768da0580000 rw-p 00000000 00:00 0 
768da0580000-768da0700000 rw-p 00000000 00:00 0 
768da0700000-768da0780000 rw-p 00000000 00:00 0 
768da0780000-768da0980000 rw-p 00000000 00:00 0 
768da0980000-768da0a00000 rw-p 00000000 00:00 0 
768da0a00000-768da0ac0000 rw-p 00000000 00:00 0 
768da0ac0000-768da0b00000 rw-p 00000000 00:00 0 
768da0b00000-768da0ce0000 rw-p 00000000 00:00 0 
768da0ce0000-768da0d00000 rw-p 00000000 00:00 0 
768da0d00000-768da0ee0000 rw-p 00000000 00:00 0 
768da0ee0000-768da0f00000 rw-p 00000000 00:00 0 
768da0f00000-768da1100000 rw-p 00000000 00:00 0 
768da1100000-768da12c0000 rw-p 00000000 00:00 0 
768da12c0000-768da1300000 rw-p 00000000 00:00 0 
768da1300000-768da14c0000 rw-p 00000000 00:00 0 
768da14c0000-768da1500000 rw-p 00000000 00:00 0 
768da1500000-768da1700000 rw-p 00000000 00:00 0 
768da1700000-768da1b00000 rw-p 00000000 00:00 0 
768da1b00000-768da1d00000 rw-p 00000000 00:00 0 
768da1d00000-768da1e00000 rw-p 00000000 00:00 0 
768da1e00000-768da1f80000 rw-p 00000000 00:00 0 
768da1f80000-768da2000000 rw-p 00000000 00:00 0 
768da2000000-768da2080000 rw-p 00000000 00:00 0 
768da2080000-768da2100000 rw-p 00000000 00:00 0 
768da2100000-768da2280000 rw-p 00000000 00:00 0 
768da2280000-768da2300000 ---p 00000000 00:00 0 
768da2300000-768da23b0000 rw-p 00000000 00:00 0 
768da23b0000-768da4000000 ---p 00000000 00:00 0 
768da4000000-768da4021000 rw-p 00000000 00:00 0 
768da4021000-768da8000000 ---p 00000000 00:00 0 
768da8000000-768da863d000 rw-p 00000000 00:00 0 
768da863d000-768dac000000 ---p 00000000 00:00 0 
768dac000000-768dac021000 rw-p 00000000 00:00 0 
768dac021000-768db0000000 ---p 00000000 00:00 0 
768db0000000-768db0021000 rw-p 00000000 00:00 0 
768db0021000-768db4000000 ---p 00000000 00:00 0 
768db4000000-768db4021000 rw-p 00000000 00:00 0 
768db4021000-768db8000000 ---p 00000000 00:00 0 
768db8000000-768db8021000 rw-p 00000000 00:00 0 
768db8021000-768dbc000000 ---p 00000000 00:00 0 
768dbc000000-768dbc021000 rw-p 00000000 00:00 0 
768dbc021000-768dc0000000 ---p 00000000 00:00 0 
768dc0071000-768dc0074000 r--p 00000000 103:03 27541659                  /usr/lib/libnss_myhostname.so.2
768dc0074000-768dc0089000 r-xp 00003000 103:03 27541659                  /usr/lib/libnss_myhostname.so.2
768dc0089000-768dc0096000 r--p 00018000 103:03 27541659                  /usr/lib/libnss_myhostname.so.2
768dc0096000-768dc009b000 r--p 00024000 103:03 27541659                  /usr/lib/libnss_myhostname.so.2
768dc009b000-768dc009c000 rw-p 00029000 103:03 27541659                  /usr/lib/libnss_myhostname.so.2
768dc009c000-768dc009f000 r--p 00000000 103:03 27541662                  /usr/lib/libnss_resolve.so.2
768dc009f000-768dc00c2000 r-xp 00003000 103:03 27541662                  /usr/lib/libnss_resolve.so.2
768dc00c2000-768dc00cc000 r--p 00026000 103:03 27541662                  /usr/lib/libnss_resolve.so.2
768dc00cc000-768dc00ce000 r--p 0002f000 103:03 27541662                  /usr/lib/libnss_resolve.so.2
768dc00ce000-768dc00cf000 rw-p 00031000 103:03 27541662                  /usr/lib/libnss_resolve.so.2
768dc00cf000-768dc00d3000 r--p 00000000 103:03 27527661                  /usr/lib/libgcc_s.so.1
768dc00d3000-768dc00f7000 r-xp 00004000 103:03 27527661                  /usr/lib/libgcc_s.so.1
768dc00f7000-768dc00fb000 r--p 00028000 103:03 27527661                  /usr/lib/libgcc_s.so.1
768dc00fb000-768dc00fc000 r--p 0002b000 103:03 27527661                  /usr/lib/libgcc_s.so.1
768dc00fc000-768dc00fd000 rw-p 0002c000 103:03 27527661                  /usr/lib/libgcc_s.so.1
768dc00fd000-768dc00fe000 ---p 00000000 00:00 0 
768dc00fe000-768dc0102000 ---p 00000000 00:00 0 
768dc0102000-768dc01fe000 rw-p 00000000 00:00 0 
768dc01fe000-768dc01ff000 ---p 00000000 00:00 0 
768dc01ff000-768dc0203000 ---p 00000000 00:00 0 
768dc0203000-768dc02ff000 rw-p 00000000 00:00 0 
768dc02ff000-768dc0300000 ---p 00000000 00:00 0 
768dc0300000-768dc0304000 ---p 00000000 00:00 0 
768dc0304000-768dc0400000 rw-p 00000000 00:00 0 
768dc0400000-768dc06ec000 r--p 00000000 103:03 27550445                  /usr/lib/locale/locale-archive
768dc06fc000-768dc0700000 r--p 00000000 103:03 27541660                  /usr/lib/libnss_mymachines.so.2
768dc0700000-768dc073f000 r-xp 00004000 103:03 27541660                  /usr/lib/libnss_mymachines.so.2
768dc073f000-768dc0753000 r--p 00043000 103:03 27541660                  /usr/lib/libnss_mymachines.so.2
768dc0753000-768dc0756000 r--p 00057000 103:03 27541660                  /usr/lib/libnss_mymachines.so.2
768dc0756000-768dc0757000 rw-p 0005a000 103:03 27541660                  /usr/lib/libnss_mymachines.so.2
768dc0757000-768dc0758000 rw-p 00000000 00:00 0 
768dc0758000-768dc0759000 ---p 00000000 00:00 0 
768dc0759000-768dc0859000 rw-p 00000000 00:00 0 
768dc0859000-768dc085a000 ---p 00000000 00:00 0 
768dc085a000-768dc095a000 rw-p 00000000 00:00 0 
768dc0a74000-768dc0af5000 rw-p 00000000 00:00 0 
768dc0af5000-768dc0af6000 ---p 00000000 00:00 0 
768dc0af6000-768dc0bf6000 rw-p 00000000 00:00 0 
768dc0bf6000-768dc0bf7000 ---p 00000000 00:00 0 
768dc0bf7000-768dc0cf7000 rw-p 00000000 00:00 0 
768dc0cf7000-768dc3600000 rw-p 00000000 00:00 0 
768dc3643000-768dc379f000 rw-p 00000000 00:00 0 
768dc379f000-768dc37a0000 ---p 00000000 00:00 0 
768dc37a0000-768dc38a0000 rw-p 00000000 00:00 0 
768dc38a0000-768dc38a1000 ---p 00000000 00:00 0 
768dc38a1000-768dc39a1000 rw-p 00000000 00:00 0 
768dc39a1000-768dc39a2000 ---p 00000000 00:00 0 
768dc39a2000-768dc3aa2000 rw-p 00000000 00:00 0 
768dc3aa2000-768dc3bb6000 rw-p 00000000 00:00 0 
768dc3bb6000-768dc3e76000 ---p 00000000 00:00 0 
768dc3e76000-768dc3e7e000 rw-p 00000000 00:00 0 
768dc3e7e000-768dc76fe000 ---p 00000000 00:00 0 
768dc76fe000-768dc7711000 rw-p 00000000 00:00 0 
768dc7711000-768dc7769000 ---p 00000000 00:00 0 
768dc7769000-768dc776a000 rw-p 00000000 00:00 0 
768dc776a000-768dc7e7a000 ---p 00000000 00:00 0 
768dc7e7a000-768dc7e8d000 rw-p 00000000 00:00 0 
768dc7e8d000-768dc7ee5000 ---p 00000000 00:00 0 
768dc7ee5000-768dc7ee6000 rw-p 00000000 00:00 0 
768dc7ee6000-768dc85f6000 ---p 00000000 00:00 0 
768dc85f6000-768dc9000000 rw-p 00000000 00:00 0 
768dc9000000-768dc9520000 rwxp 00000000 00:00 0 
768dc9520000-768dd0537000 ---p 00000000 00:00 0 
768dd0537000-768dd07a7000 rwxp 00000000 00:00 0 
768dd07a7000-768dd0ac9000 ---p 00000000 00:00 0 
768dd0ac9000-768dd0d39000 rwxp 00000000 00:00 0 
768dd0d39000-768dd8000000 ---p 00000000 00:00 0 
768dd8000000-768dd8c95000 rw-p 00000000 00:00 0 
768dd8c95000-768ddc000000 ---p 00000000 00:00 0 
768ddc01a000-768ddc02f000 rw-p 00000000 00:00 0 
768ddc02f000-768ddc115000 ---p 00000000 00:00 0 
768ddc115000-768ddc120000 rw-p 00000000 00:00 0 
768ddc120000-768ddc200000 ---p 00000000 00:00 0 
768ddc200000-768ddfda2000 r--s 00000000 103:03 6431370                   /home/rattly/.jdks/jbr_jcef-21.0.2-linux-x64-b375.1/lib/modules
768ddfda8000-768ddfdaf000 r--s 00000000 103:03 27550471                  /usr/lib/gconv/gconv-modules.cache
768ddfdaf000-768ddfdb1000 r--p 00000000 103:03 6431293                   /home/rattly/.jdks/jbr_jcef-21.0.2-linux-x64-b375.1/lib/libmanagement_ext.so
768ddfdb1000-768ddfdb4000 r-xp 00002000 103:03 6431293                   /home/rattly/.jdks/jbr_jcef-21.0.2-linux-x64-b375.1/lib/libmanagement_ext.so
768ddfdb4000-768ddfdb5000 r--p 00005000 103:03 6431293                   /home/rattly/.jdks/jbr_jcef-21.0.2-linux-x64-b375.1/lib/libmanagement_ext.so
768ddfdb5000-768ddfdb6000 ---p 00006000 103:03 6431293                   /home/rattly/.jdks/jbr_jcef-21.0.2-linux-x64-b375.1/lib/libmanagement_ext.so
768ddfdb6000-768ddfdb7000 r--p 00006000 103:03 6431293                   /home/rattly/.jdks/jbr_jcef-21.0.2-linux-x64-b375.1/lib/libmanagement_ext.so
768ddfdb7000-768ddfdb8000 rw-p 00000000 00:00 0 
768ddfdb8000-768ddfdba000 r--p 00000000 103:03 6431291                   /home/rattly/.jdks/jbr_jcef-21.0.2-linux-x64-b375.1/lib/libmanagement.so
768ddfdba000-768ddfdbb000 r-xp 00002000 103:03 6431291                   /home/rattly/.jdks/jbr_jcef-21.0.2-linux-x64-b375.1/lib/libmanagement.so
768ddfdbb000-768ddfdbc000 r--p 00003000 103:03 6431291                   /home/rattly/.jdks/jbr_jcef-21.0.2-linux-x64-b375.1/lib/libmanagement.so
768ddfdbc000-768ddfdbd000 r--p 00003000 103:03 6431291                   /home/rattly/.jdks/jbr_jcef-21.0.2-linux-x64-b375.1/lib/libmanagement.so
768ddfdbd000-768ddfdbe000 rw-p 00000000 00:00 0 
768ddfdbe000-768ddfdbf000 r--p 00000000 103:03 27592553                  /usr/lib/libnss_mdns_minimal.so.2
768ddfdbf000-768ddfdc1000 r-xp 00001000 103:03 27592553                  /usr/lib/libnss_mdns_minimal.so.2
768ddfdc1000-768ddfdc2000 r--p 00003000 103:03 27592553                  /usr/lib/libnss_mdns_minimal.so.2
768ddfdc2000-768ddfdc3000 r--p 00003000 103:03 27592553                  /usr/lib/libnss_mdns_minimal.so.2
768ddfdc3000-768ddfdc4000 rw-p 00004000 103:03 27592553                  /usr/lib/libnss_mdns_minimal.so.2
768ddfdc4000-768ddfdc7000 r--p 00000000 103:03 27540174                  /usr/lib/libcap.so.2.71
768ddfdc7000-768ddfdcc000 r-xp 00003000 103:03 27540174                  /usr/lib/libcap.so.2.71
768ddfdcc000-768ddfdce000 r--p 00008000 103:03 27540174                  /usr/lib/libcap.so.2.71
768ddfdce000-768ddfdcf000 r--p 00009000 103:03 27540174                  /usr/lib/libcap.so.2.71
768ddfdcf000-768ddfdd0000 rw-p 0000a000 103:03 27540174                  /usr/lib/libcap.so.2.71
768ddfdd0000-768ddfe11000 rw-p 00000000 00:00 0 
768ddfe11000-768ddfe15000 ---p 00000000 00:00 0 
768ddfe15000-768ddff11000 rw-p 00000000 00:00 0 
768ddff11000-768ddff1f000 r--p 00000000 103:03 27528549                  /usr/lib/libm.so.6
768ddff1f000-768ddffa2000 r-xp 0000e000 103:03 27528549                  /usr/lib/libm.so.6
768ddffa2000-768ddfffe000 r--p 00091000 103:03 27528549                  /usr/lib/libm.so.6
768ddfffe000-768ddffff000 r--p 000ec000 103:03 27528549                  /usr/lib/libm.so.6
768ddffff000-768de0000000 rw-p 000ed000 103:03 27528549                  /usr/lib/libm.so.6
768de0000000-768de0298000 r--p 00000000 103:03 6431381                   /home/rattly/.jdks/jbr_jcef-21.0.2-linux-x64-b375.1/lib/server/libjvm.so
768de0298000-768de10fb000 r-xp 00298000 103:03 6431381                   /home/rattly/.jdks/jbr_jcef-21.0.2-linux-x64-b375.1/lib/server/libjvm.so
768de10fb000-768de13db000 r--p 010fb000 103:03 6431381                   /home/rattly/.jdks/jbr_jcef-21.0.2-linux-x64-b375.1/lib/server/libjvm.so
768de13db000-768de14ac000 r--p 013da000 103:03 6431381                   /home/rattly/.jdks/jbr_jcef-21.0.2-linux-x64-b375.1/lib/server/libjvm.so
768de14ac000-768de14dc000 rw-p 014ab000 103:03 6431381                   /home/rattly/.jdks/jbr_jcef-21.0.2-linux-x64-b375.1/lib/server/libjvm.so
768de14dc000-768de1552000 rw-p 00000000 00:00 0 
768de1555000-768de1558000 r--p 00000000 103:03 6431298                   /home/rattly/.jdks/jbr_jcef-21.0.2-linux-x64-b375.1/lib/libnet.so
768de1558000-768de1560000 r-xp 00003000 103:03 6431298                   /home/rattly/.jdks/jbr_jcef-21.0.2-linux-x64-b375.1/lib/libnet.so
768de1560000-768de1562000 r--p 0000b000 103:03 6431298                   /home/rattly/.jdks/jbr_jcef-21.0.2-linux-x64-b375.1/lib/libnet.so
768de1562000-768de1563000 r--p 0000c000 103:03 6431298                   /home/rattly/.jdks/jbr_jcef-21.0.2-linux-x64-b375.1/lib/libnet.so
768de1563000-768de1564000 rw-p 00000000 00:00 0 
768de1564000-768de156b000 r--p 00000000 103:03 6431301                   /home/rattly/.jdks/jbr_jcef-21.0.2-linux-x64-b375.1/lib/libnio.so
768de156b000-768de1574000 r-xp 00007000 103:03 6431301                   /home/rattly/.jdks/jbr_jcef-21.0.2-linux-x64-b375.1/lib/libnio.so
768de1574000-768de1578000 r--p 00010000 103:03 6431301                   /home/rattly/.jdks/jbr_jcef-21.0.2-linux-x64-b375.1/lib/libnio.so
768de1578000-768de1579000 ---p 00014000 103:03 6431301                   /home/rattly/.jdks/jbr_jcef-21.0.2-linux-x64-b375.1/lib/libnio.so
768de1579000-768de157a000 r--p 00014000 103:03 6431301                   /home/rattly/.jdks/jbr_jcef-21.0.2-linux-x64-b375.1/lib/libnio.so
768de157a000-768de157b000 rw-p 00015000 103:03 6431301                   /home/rattly/.jdks/jbr_jcef-21.0.2-linux-x64-b375.1/lib/libnio.so
768de157b000-768de157d000 r--p 00000000 103:03 6431313                   /home/rattly/.jdks/jbr_jcef-21.0.2-linux-x64-b375.1/lib/libzip.so
768de157d000-768de1581000 r-xp 00002000 103:03 6431313                   /home/rattly/.jdks/jbr_jcef-21.0.2-linux-x64-b375.1/lib/libzip.so
768de1581000-768de1583000 r--p 00006000 103:03 6431313                   /home/rattly/.jdks/jbr_jcef-21.0.2-linux-x64-b375.1/lib/libzip.so
768de1583000-768de1584000 r--p 00007000 103:03 6431313                   /home/rattly/.jdks/jbr_jcef-21.0.2-linux-x64-b375.1/lib/libzip.so
768de1584000-768de158a000 rw-p 00000000 00:00 0 
768de158a000-768de1591000 ---p 00000000 00:00 0 
768de1591000-768de1599000 rw-s 00000000 00:24 7028                       /tmp/hsperfdata_rattly/236155
768de1599000-768de15a6000 r--p 00000000 103:03 6431278                   /home/rattly/.jdks/jbr_jcef-21.0.2-linux-x64-b375.1/lib/libjava.so
768de15a6000-768de15b4000 r-xp 0000d000 103:03 6431278                   /home/rattly/.jdks/jbr_jcef-21.0.2-linux-x64-b375.1/lib/libjava.so
768de15b4000-768de15b9000 r--p 0001b000 103:03 6431278                   /home/rattly/.jdks/jbr_jcef-21.0.2-linux-x64-b375.1/lib/libjava.so
768de15b9000-768de15ba000 ---p 00020000 103:03 6431278                   /home/rattly/.jdks/jbr_jcef-21.0.2-linux-x64-b375.1/lib/libjava.so
768de15ba000-768de15bb000 r--p 00020000 103:03 6431278                   /home/rattly/.jdks/jbr_jcef-21.0.2-linux-x64-b375.1/lib/libjava.so
768de15bb000-768de15bc000 rw-p 00021000 103:03 6431278                   /home/rattly/.jdks/jbr_jcef-21.0.2-linux-x64-b375.1/lib/libjava.so
768de15bc000-768de15bd000 rw-p 00000000 00:00 0 
768de15bd000-768de15be000 r--p 00000000 103:03 27528586                  /usr/lib/librt.so.1
768de15be000-768de15bf000 r-xp 00001000 103:03 27528586                  /usr/lib/librt.so.1
768de15bf000-768de15c0000 r--p 00002000 103:03 27528586                  /usr/lib/librt.so.1
768de15c0000-768de15c1000 r--p 00002000 103:03 27528586                  /usr/lib/librt.so.1
768de15c1000-768de15c2000 rw-p 00003000 103:03 27528586                  /usr/lib/librt.so.1
768de15c2000-768de15c6000 rw-p 00000000 00:00 0 
768de15c6000-768de15ea000 r--p 00000000 103:03 27528523                  /usr/lib/libc.so.6
768de15ea000-768de175b000 r-xp 00024000 103:03 27528523                  /usr/lib/libc.so.6
768de175b000-768de17a9000 r--p 00195000 103:03 27528523                  /usr/lib/libc.so.6
768de17a9000-768de17ad000 r--p 001e3000 103:03 27528523                  /usr/lib/libc.so.6
768de17ad000-768de17af000 rw-p 001e7000 103:03 27528523                  /usr/lib/libc.so.6
768de17af000-768de17b7000 rw-p 00000000 00:00 0 
768de17b7000-768de17b8000 r--p 00000000 103:03 27528538                  /usr/lib/libdl.so.2
768de17b8000-768de17b9000 r-xp 00001000 103:03 27528538                  /usr/lib/libdl.so.2
768de17b9000-768de17ba000 r--p 00002000 103:03 27528538                  /usr/lib/libdl.so.2
768de17ba000-768de17bb000 r--p 00002000 103:03 27528538                  /usr/lib/libdl.so.2
768de17bb000-768de17bc000 rw-p 00003000 103:03 27528538                  /usr/lib/libdl.so.2
768de17bc000-768de17bd000 r--p 00000000 103:03 27528581                  /usr/lib/libpthread.so.0
768de17bd000-768de17be000 r-xp 00001000 103:03 27528581                  /usr/lib/libpthread.so.0
768de17be000-768de17bf000 r--p 00002000 103:03 27528581                  /usr/lib/libpthread.so.0
768de17bf000-768de17c0000 r--p 00002000 103:03 27528581                  /usr/lib/libpthread.so.0
768de17c0000-768de17c1000 rw-p 00003000 103:03 27528581                  /usr/lib/libpthread.so.0
768de17c1000-768de17c3000 r--p 00000000 103:03 6431284                   /home/rattly/.jdks/jbr_jcef-21.0.2-linux-x64-b375.1/lib/libjli.so
768de17c3000-768de17cd000 r-xp 00002000 103:03 6431284                   /home/rattly/.jdks/jbr_jcef-21.0.2-linux-x64-b375.1/lib/libjli.so
768de17cd000-768de17d0000 r--p 0000c000 103:03 6431284                   /home/rattly/.jdks/jbr_jcef-21.0.2-linux-x64-b375.1/lib/libjli.so
768de17d0000-768de17d1000 ---p 0000f000 103:03 6431284                   /home/rattly/.jdks/jbr_jcef-21.0.2-linux-x64-b375.1/lib/libjli.so
768de17d1000-768de17d2000 r--p 0000f000 103:03 6431284                   /home/rattly/.jdks/jbr_jcef-21.0.2-linux-x64-b375.1/lib/libjli.so
768de17d2000-768de17d3000 rw-p 00010000 103:03 6431284                   /home/rattly/.jdks/jbr_jcef-21.0.2-linux-x64-b375.1/lib/libjli.so
768de17d3000-768de17d6000 r--p 00000000 103:03 27532532                  /usr/lib/libz.so.1.3.1
768de17d6000-768de17e4000 r-xp 00003000 103:03 27532532                  /usr/lib/libz.so.1.3.1
768de17e4000-768de17ea000 r--p 00011000 103:03 27532532                  /usr/lib/libz.so.1.3.1
768de17ea000-768de17eb000 r--p 00017000 103:03 27532532                  /usr/lib/libz.so.1.3.1
768de17eb000-768de17ec000 rw-p 00018000 103:03 27532532                  /usr/lib/libz.so.1.3.1
768de17ed000-768de17ee000 r--p 00000000 103:03 6431269                   /home/rattly/.jdks/jbr_jcef-21.0.2-linux-x64-b375.1/lib/libextnet.so
768de17ee000-768de17ef000 r-xp 00001000 103:03 6431269                   /home/rattly/.jdks/jbr_jcef-21.0.2-linux-x64-b375.1/lib/libextnet.so
768de17ef000-768de17f0000 r--p 00002000 103:03 6431269                   /home/rattly/.jdks/jbr_jcef-21.0.2-linux-x64-b375.1/lib/libextnet.so
768de17f0000-768de17f1000 r--p 00002000 103:03 6431269                   /home/rattly/.jdks/jbr_jcef-21.0.2-linux-x64-b375.1/lib/libextnet.so
768de17f1000-768de17f2000 rw-p 00000000 00:00 0 
768de17f2000-768de17f4000 r--p 00000000 103:03 6431273                   /home/rattly/.jdks/jbr_jcef-21.0.2-linux-x64-b375.1/lib/libinstrument.so
768de17f4000-768de17fa000 r-xp 00002000 103:03 6431273                   /home/rattly/.jdks/jbr_jcef-21.0.2-linux-x64-b375.1/lib/libinstrument.so
768de17fa000-768de17fd000 r--p 00008000 103:03 6431273                   /home/rattly/.jdks/jbr_jcef-21.0.2-linux-x64-b375.1/lib/libinstrument.so
768de17fd000-768de17fe000 r--p 0000a000 103:03 6431273                   /home/rattly/.jdks/jbr_jcef-21.0.2-linux-x64-b375.1/lib/libinstrument.so
768de17fe000-768de17ff000 rw-p 0000b000 103:03 6431273                   /home/rattly/.jdks/jbr_jcef-21.0.2-linux-x64-b375.1/lib/libinstrument.so
768de17ff000-768de1800000 ---p 00000000 00:00 0 
768de1800000-768de1801000 r--p 00000000 00:00 0 
768de1801000-768de1802000 ---p 00000000 00:00 0 
768de1802000-768de1805000 r--p 00000000 103:03 6431283                   /home/rattly/.jdks/jbr_jcef-21.0.2-linux-x64-b375.1/lib/libjimage.so
768de1805000-768de1819000 r-xp 00003000 103:03 6431283                   /home/rattly/.jdks/jbr_jcef-21.0.2-linux-x64-b375.1/lib/libjimage.so
768de1819000-768de181f000 r--p 00017000 103:03 6431283                   /home/rattly/.jdks/jbr_jcef-21.0.2-linux-x64-b375.1/lib/libjimage.so
768de181f000-768de1821000 r--p 0001c000 103:03 6431283                   /home/rattly/.jdks/jbr_jcef-21.0.2-linux-x64-b375.1/lib/libjimage.so
768de1821000-768de1822000 rw-p 0001e000 103:03 6431283                   /home/rattly/.jdks/jbr_jcef-21.0.2-linux-x64-b375.1/lib/libjimage.so
768de1822000-768de1824000 rw-p 00000000 00:00 0 
768de1824000-768de1828000 r--p 00000000 00:00 0                          [vvar]
768de1828000-768de182a000 r-xp 00000000 00:00 0                          [vdso]
768de182a000-768de182b000 r--p 00000000 103:03 27528500                  /usr/lib/ld-linux-x86-64.so.2
768de182b000-768de1854000 r-xp 00001000 103:03 27528500                  /usr/lib/ld-linux-x86-64.so.2
768de1854000-768de185e000 r--p 0002a000 103:03 27528500                  /usr/lib/ld-linux-x86-64.so.2
768de185e000-768de1860000 r--p 00034000 103:03 27528500                  /usr/lib/ld-linux-x86-64.so.2
768de1860000-768de1862000 rw-p 00036000 103:03 27528500                  /usr/lib/ld-linux-x86-64.so.2
7ffcfb537000-7ffcfb55a000 rw-p 00000000 00:00 0                          [stack]
ffffffffff600000-ffffffffff601000 --xp 00000000 00:00 0                  [vsyscall]
Total number of mappings: 421


VM Arguments:
jvm_args: -Dorg.lwjgl.glfw.libname=/usr/lib/libglfw.so -XX:+AllowEnhancedClassRedefinition -javaagent:/home/rattly/.local/share/JetBrains/Toolbox/apps/intellij-idea-ultimate-2/lib/idea_rt.jar=44501:/home/rattly/.local/share/JetBrains/Toolbox/apps/intellij-idea-ultimate-2/bin -Dfile.encoding=UTF-8 -Dsun.stdout.encoding=UTF-8 -Dsun.stderr.encoding=UTF-8 -Dawt.toolkit.name=XToolkit 
java_command: it.rattly.MainKt
java_class_path (initial): /home/rattly/IdeaProjects/PrezzoEnergia/build/classes/kotlin/main:/home/rattly/IdeaProjects/PrezzoEnergia/build/resources/main:/home/rattly/.gradle/caches/modules-2/files-2.1/com.github.codeborne.klite/klite-jackson/1.6.14/5f05ac73ffd57a9f4b510eae0f2da8eac0ce6528/klite-jackson-1.6.14.jar:/home/rattly/.gradle/caches/modules-2/files-2.1/com.github.codeborne.klite/klite-server/1.6.14/e96eb13a14a341e05e1d056e7059527778d376cf/klite-server-1.6.14.jar:/home/rattly/.gradle/caches/modules-2/files-2.1/com.github.codeborne.klite/klite-openapi/1.6.14/fd32b61639703bee4005950efad24a692d06f899/klite-openapi-1.6.14.jar:/home/rattly/.gradle/caches/modules-2/files-2.1/org.jetbrains.kotlin/kotlin-reflect/2.1.10/b6dfc50c112d7cd89b350fef16d810c77acae209/kotlin-reflect-2.1.10.jar:/home/rattly/.gradle/caches/modules-2/files-2.1/org.jetbrains.kotlin/kotlin-stdlib/2.1.10/d3028429e7151d7a7c1a0d63a4f60eac86a87b91/kotlin-stdlib-2.1.10.jar:/home/rattly/.gradle/caches/modules-2/files-2.1/org.graalvm.polyglot/polyglot/24.1.1/90838233a34d0768f33cbdba810096d7feb824d2/polyglot-24.1.1.jar:/home/rattly/.gradle/caches/modules-2/files-2.1/com.fasterxml.jackson.module/jackson-module-kotlin/2.18.2/64d2a72bacd16a9bb46db5662396dd0b606992d4/jackson-module-kotlin-2.18.2.jar:/home/rattly/.gradle/caches/modules-2/files-2.1/com.fasterxml.jackson.datatype/jackson-datatype-jsr310/2.18.2/7b6ff96adf421f4c6edbd694e797dd8fe434510a/jackson-datatype-jsr310-2.18.2.jar:/home/rattly/.gradle/caches/modules-2/files-2.1/com.github.codeborne.klite/klite-core/1.6.14/b768e6c5a0d8076566626594b800bd9fe2a1e8ae/klite-core-1.6.14.jar:/home/rattly/.gradle/caches/modules-2/files-2.1/org.jetbrains.kotlinx/kotlinx-coroutines-jdk8/1.9.0/8290370427d17b921573534e14a37b659b5d3ab5/kotlinx-coroutines-jdk8-1.9.0.jar:/home/rattly/.gradle/caches/modules-2/files-2.1/io.swagger.core.v3/swagger-annotations/2.2.28/fc294dfa7b03b05dac048addd583103abf1caf59/swagger-annotations-2.2.28.jar:/home/rattly/.gradle/caches/modules-2/files-2.1/com.github.kittinunf.fuel/fuel-jvm/3.0.0-alpha04/f20dde2bae00321ae188b6d4c9b03e4298127847/fuel-jvm-3.0.0-alpha04.jar:/home/rattly/.gradle/caches/modules-2/files-2.1/org.jetbrains.kotlinx/kotlinx-serialization-json-jvm/1.8.0/8253bf6e8c713a3dace54493a838e0f8fd3e08fa/kotlinx-serialization-json-jvm-1.8.0.jar:/home/rattly/.gradle/caches/modules-2/files-2.1/org.jetbrains/annotations/23.0.0/8cc20c07506ec18e0834947b84a864bfc094484e/annotations-23.0.0.jar:/home/rattly/.gradle/caches/modules-2/files-2.1/org.graalvm.sdk/collections/24.1.1/16b6de3fe00198630e375e6a8dc26a39a6df288d/collections-24.1.1.jar:/home/rattly/.gradle/caches/modules-2/files-2.1/org.graalvm.sdk/nativeimage/24.1.1/a3a3e22b928e1c3bf527548d3127c6680e122b32/nativeimage-24.1.1.jar:/home/rattly/.gradle/caches/modules-2/files-2.1/com.fasterxml.jackson.core/jackson-databind/2.18.2/deef8697b92141fb6caf7aa86966cff4eec9b04f/jackson-databind-2.18.2.jar:/home/rattly/.gradle/caches/modules-2/files-2.1/com.fasterxml.jackson.core/jackson-annotations/2.18.2/985d77751ebc7fce5db115a986bc9aa82f973f4a/jackson-annotations-2.18.2.jar:/home/rattly/.gradle/caches/modules-2/files-2.1/com.fasterxml.jackson.core/jackson-core/2.18.2/fb64ccac5c27dca8819418eb4e443a9f496d9ee7/jackson-core-2.18.2.jar:/home/rattly/.gradle/caches/modules-2/files-2.1/com.squareup.okhttp3/okhttp-coroutines/5.0.0-alpha.14/8735c3e0c85c1ed8613b9b2103d5e9f8ecd29937/okhttp-coroutines-5.0.0-alpha.14.jar:/home/rattly/.gradle/caches/modules-2/files-2.1/org.graalvm.sdk/word/24.1.1/3c30d46d03d86d5d1069bfd34a57390f8cf8a30c/word-24.1.1.jar:/home/rattly/.gradle/caches/modules-2/files-2.1/org.jetbrains.kotlinx/kotlinx-coroutines-core-jvm/1.9.0/9beade4c1c1569e4f36cbd2c37e02e3e41502601/kotlinx-coroutines-core-jvm-1.9.0.jar:/home/rattly/.gradle/caches/modules-2/files-2.1/com.squareup.okhttp3/okhttp/5.0.0-alpha.14/c59864766ffc0d0dd4394ec0af5e3b60bf83d10f/okhttp-5.0.0-alpha.14.jar:/home/rattly/.gradle/caches/modules-2/files-2.1/org.jetbrains.kotlinx/kotlinx-io-core-jvm/0.5.4/16566a36d64d88af421fbee163eeeb6aa6406a43/kotlinx-io-core-jvm-0.5.4.jar:/home/rattly/.gradle/caches/modules-2/files-2.1/org.jetbrains.kotlinx/kotlinx-serialization-core-jvm/1.8.0/fe5bb37ab4a3771f14c63e0c333c98bdfeb1d7cc/kotlinx-serialization-core-jvm-1.8.0.jar:/home/rattly/.gradle/caches/modules-2/files-2.1/com.squareup.okio/okio-jvm/3.9.0/eaa4f7858a1e80908b1a2e861e662edd7c6cbbb5/okio-jvm-3.9.0.jar:/home/rattly/.gradle/caches/modules-2/files-2.1/org.jetbrains.kotlinx/kotlinx-io-bytestring-jvm/0.5.4/d02e90094c25c6c4689a9f4359c3dc3543f66958/kotlinx-io-bytestring-jvm-0.5.4.jar:/home/rattly/.gradle/caches/modules-2/files-2.1/org.graalvm.js/js/24.1.1/2724339a06281c6be2c24d9a94add6605d82791e/js-24.1.1.pom:/home/rattly/.gradle/caches/modules-2/files-2.1/org.graalvm.js/js-community/24.1.1/3e874f113d724138c39287df69e5cfb7e5fcf700/js-community-24.1.1.pom:/home/rattly/.gradle/caches/modules-2/files-2.1/org.graalvm.truffle/truffle-enterprise/24.1.1/aebb774ec3a25f53d9dd9f24b063fb5c3b44bff4/truffle-enterprise-24.1.1.jar:/home/rattly/.gradle/caches/modules-2/files-2.1/org.graalvm.js/js-language/24.1.1/9ce77f1ec321656a8eb0eb7e3183778ca624078a/js-language-24.1.1.jar:/home/rattly/.gradle/caches/modules-2/files-2.1/org.graalvm.truffle/truffle-runtime/24.1.1/405a3db994bb09149103226ba88eaa69865ccdb7/truffle-runtime-24.1.1.jar:/home/rattly/.gradle/caches/modules-2/files-2.1/org.graalvm.sdk/nativebridge/24.1.1/8ee4441cb19749542927301826578cf92d58610f/nativebridge-24.1.1.jar:/home/rattly/.gradle/caches/modules-2/files-2.1/org.graalvm.sdk/jniutils/24.1.1/4b938ddc284a5da3fa39bc408e8df98abf2d7e36/jniutils-24.1.1.jar:/home/rattly/.gradle/caches/modules-2/files-2.1/org.graalvm.truffle/truffle-compiler/24.1.1/cf1980f8d824b7370a125efa51b1c5dde4b15aab/truffle-compiler-24.1.1.jar:/home/rattly/.gradle/caches/modules-2/files-2.1/org.graalvm.regex/regex/24.1.1/54481ac1f39247252ab1910650425ba7ae44754a/regex-24.1.1.jar:/home/rattly/.gradle/caches/modules-2/files-2.1/org.graalvm.truffle/truffle-api/24.1.1/ab928bda7b6e0b32c07d1881109c80c8b0906e84/truffle-api-24.1.1.jar:/home/rattly/.gradle/caches/modules-2/files-2.1/org.graalvm.shadowed/icu4j/24.1.1/9114a2956fed6e02209f7764b31a31bfa07dcbd/icu4j-24.1.1.jar
Launcher Type: SUN_STANDARD

[Global flags]
     bool AllowEnhancedClassRedefinition           = true                                      {product} {command line}
     intx CICompilerCount                          = 4                                         {product} {ergonomic}
     bool ClassUnloadingWithConcurrentMark         = false                                     {product} {command line}
     uint ConcGCThreads                            = 3                                         {product} {ergonomic}
     uint G1ConcRefinementThreads                  = 10                                        {product} {ergonomic}
   size_t G1HeapRegionSize                         = 2097152                                   {product} {ergonomic}
    uintx GCDrainStackTargetSize                   = 64                                        {product} {ergonomic}
   size_t InitialHeapSize                          = 251658240                                 {product} {ergonomic}
   size_t MarkStackSize                            = 4194304                                   {product} {ergonomic}
   size_t MaxHeapSize                              = 4018143232                                {product} {ergonomic}
   size_t MaxNewSize                               = 2409627648                                {product} {ergonomic}
   size_t MinHeapDeltaBytes                        = 2097152                                   {product} {ergonomic}
   size_t MinHeapSize                              = 8388608                                   {product} {ergonomic}
    uintx NonNMethodCodeHeapSize                   = 5839372                                {pd product} {ergonomic}
    uintx NonProfiledCodeHeapSize                  = 122909434                              {pd product} {ergonomic}
    uintx ProfiledCodeHeapSize                     = 122909434                              {pd product} {ergonomic}
    uintx ReservedCodeCacheSize                    = 251658240                              {pd product} {ergonomic}
     bool SegmentedCodeCache                       = true                                      {product} {ergonomic}
   size_t SoftMaxHeapSize                          = 4018143232                             {manageable} {ergonomic}
     bool UseCompressedOops                        = true                           {product lp64_product} {ergonomic}
     bool UseG1GC                                  = true                                      {product} {ergonomic}

Logging:
Log output configuration:
 #0: stdout all=warning uptime,level,tags foldmultilines=false
 #1: stderr all=off uptime,level,tags foldmultilines=false

Environment Variables:
JAVA_TOOL_OPTIONS=-Dorg.lwjgl.glfw.libname=/usr/lib/libglfw.so
PATH=/home/rattly/.cargo/bin:/usr/local/sbin:/usr/local/bin:/usr/bin:/opt/android-sdk/platform-tools:/home/rattly/.local/share/flatpak/exports/bin:/var/lib/flatpak/exports/bin:/usr/lib/jvm/default/bin:/usr/bin/site_perl:/usr/bin/vendor_perl:/usr/bin/core_perl:/usr/lib/rustup/bin
SHELL=/usr/bin/zsh
DISPLAY=:0
LANG=en_US.UTF-8
TERM=linux

Active Locale:
LC_ALL=en_US.UTF-8
LC_COLLATE=en_US.UTF-8
LC_CTYPE=en_US.UTF-8
LC_MESSAGES=en_US.UTF-8
LC_MONETARY=en_US.UTF-8
LC_NUMERIC=en_US.UTF-8
LC_TIME=en_US.UTF-8

Signal Handlers:
   SIGSEGV: crash_handler in libjvm.so, mask=11100100010111111101111111111110, flags=SA_RESTART|SA_SIGINFO, unblocked
    SIGBUS: crash_handler in libjvm.so, mask=11100100010111111101111111111110, flags=SA_RESTART|SA_SIGINFO, unblocked
    SIGFPE: crash_handler in libjvm.so, mask=11100100010111111101111111111110, flags=SA_RESTART|SA_SIGINFO, unblocked
   SIGPIPE: javaSignalHandler in libjvm.so, mask=11100100010111111101111111111110, flags=SA_RESTART|SA_SIGINFO, blocked
   SIGXFSZ: javaSignalHandler in libjvm.so, mask=11100100010111111101111111111110, flags=SA_RESTART|SA_SIGINFO, blocked
    SIGILL: crash_handler in libjvm.so, mask=11100100010111111101111111111110, flags=SA_RESTART|SA_SIGINFO, unblocked
   SIGUSR2: SR_handler in libjvm.so, mask=00000000000000000000000000000000, flags=SA_RESTART|SA_SIGINFO, blocked
    SIGHUP: UserHandler in libjvm.so, mask=11100100010111111101111111111110, flags=SA_RESTART|SA_SIGINFO, blocked
    SIGINT: UserHandler in libjvm.so, mask=11100100010111111101111111111110, flags=SA_RESTART|SA_SIGINFO, blocked
   SIGTERM: UserHandler in libjvm.so, mask=11100100010111111101111111111110, flags=SA_RESTART|SA_SIGINFO, blocked
   SIGQUIT: UserHandler in libjvm.so, mask=11100100010111111101111111111110, flags=SA_RESTART|SA_SIGINFO, blocked
   SIGTRAP: crash_handler in libjvm.so, mask=11100100010111111101111111111110, flags=SA_RESTART|SA_SIGINFO, unblocked


Periodic native trim disabled

JNI global refs:
JNI global refs: 19, weak refs: 0

JNI global refs memory usage: 859, weak refs: 857

OOME stack traces (most recent first):
Classloader memory used:
Loader bootstrap                                                                       : 24764K
Loader jdk.internal.loader.ClassLoaders$AppClassLoader                                 : 14653K
Loader jdk.internal.loader.ClassLoaders$PlatformClassLoader                            : 535K
Loader jdk.internal.reflect.DelegatingClassLoader                                      : 61824B
Loader sun.reflect.misc.MethodUtil                                                     : 3064B

---------------  S Y S T E M  ---------------

OS:
DISTRIB_ID="Arch"
DISTRIB_RELEASE="rolling"
DISTRIB_DESCRIPTION="Arch Linux"
uname: Linux 6.12.10-zen1-1-zen #1 ZEN SMP PREEMPT_DYNAMIC Sat, 18 Jan 2025 02:26:52 +0000 x86_64
OS uptime: 0 days 5:16 hours
libc: glibc 2.40 NPTL 2.40 
rlimit (soft/hard): STACK 8192k/infinity , CORE infinity/infinity , NPROC 60905/60905 , NOFILE 524288/524288 , AS infinity/infinity , CPU infinity/infinity , DATA infinity/infinity , FSIZE infinity/infinity , MEMLOCK 8192k/8192k
load average: 4.08 3.87 4.31

/proc/meminfo:
MemTotal:       15693696 kB
MemFree:         2242476 kB
MemAvailable:    3450096 kB
Buffers:           37060 kB
Cached:          1315116 kB
SwapCached:       279868 kB
Active:         10635796 kB
Inactive:        1644012 kB
Active(anon):    9884548 kB
Inactive(anon):  1101044 kB
Active(file):     751248 kB
Inactive(file):   542968 kB
Unevictable:       10832 kB
Mlocked:           10832 kB
SwapTotal:      11534328 kB
SwapFree:        6376416 kB
Zswap:                 0 kB
Zswapped:              0 kB
Dirty:             18308 kB
Writeback:             0 kB
AnonPages:      10897964 kB
Mapped:           692416 kB
Shmem:             49080 kB
KReclaimable:     248988 kB
Slab:             430204 kB
SReclaimable:     248988 kB
SUnreclaim:       181216 kB
KernelStack:       30672 kB
PageTables:       158392 kB
SecPageTables:      4832 kB
NFS_Unstable:          0 kB
Bounce:                0 kB
WritebackTmp:          0 kB
CommitLimit:    19381176 kB
Committed_AS:   24475944 kB
VmallocTotal:   34359738367 kB
VmallocUsed:       84164 kB
VmallocChunk:          0 kB
Percpu:             9360 kB
HardwareCorrupted:     0 kB
AnonHugePages:   2748416 kB
ShmemHugePages:        0 kB
ShmemPmdMapped:        0 kB
FileHugePages:    204800 kB
FilePmdMapped:    192512 kB
CmaTotal:              0 kB
CmaFree:               0 kB
Unaccepted:            0 kB
HugePages_Total:       0
HugePages_Free:        0
HugePages_Rsvd:        0
HugePages_Surp:        0
Hugepagesize:       2048 kB
Hugetlb:               0 kB
DirectMap4k:     2053128 kB
DirectMap2M:    14036992 kB
DirectMap1G:     1048576 kB

/sys/kernel/mm/transparent_hugepage/enabled: [always] madvise never
/sys/kernel/mm/transparent_hugepage/defrag (defrag/compaction efforts parameter): always defer [defer+madvise] madvise never

Process Memory:
Virtual Size: 8327912K (peak: 8347816K)
Resident Set Size: 193004K (peak: 193004K) (anon: 151916K, file: 41088K, shmem: 0K)
Swapped out: 0K
C-Heap outstanding allocations: 74348K, retained: 16175K
glibc malloc tunables: (default)

/proc/sys/kernel/threads-max (system-wide limit on the number of threads): 121810
/proc/sys/vm/max_map_count (maximum number of memory map areas a process may have): 1048576
/proc/sys/kernel/pid_max (system-wide limit on number of process identifiers): 4194304

container information not found.
Steal ticks since vm start: 0
Steal ticks percentage since vm start:  0.000

CPU: total 12 (initial active 12) (12 cores per cpu, 2 threads per core) family 25 model 80 stepping 0 microcode 0xa500011, cx8, cmov, fxsr, ht, mmx, 3dnowpref, sse, sse2, sse3, ssse3, sse4a, sse4.1, sse4.2, popcnt, lzcnt, tsc, tscinvbit, avx, avx2, aes, erms, clmul, bmi1, bmi2, adx, sha, fma, vzeroupper, clflush, clflushopt, rdtscp, rdpid, fsrm, f16c, pku, ospke, cet_ss
CPU Model and flags from /proc/cpuinfo:
model name	: AMD Ryzen 5 5625U with Radeon Graphics
flags		: fpu vme de pse tsc msr pae mce cx8 apic sep mtrr pge mca cmov pat pse36 clflush mmx fxsr sse sse2 ht syscall nx mmxext fxsr_opt pdpe1gb rdtscp lm constant_tsc rep_good nopl xtopology nonstop_tsc cpuid extd_apicid aperfmperf rapl pni pclmulqdq monitor ssse3 fma cx16 sse4_1 sse4_2 movbe popcnt aes xsave avx f16c rdrand lahf_lm cmp_legacy svm extapic cr8_legacy abm sse4a misalignsse 3dnowprefetch osvw ibs skinit wdt tce topoext perfctr_core perfctr_nb bpext perfctr_llc mwaitx cpb cat_l3 cdp_l3 hw_pstate ssbd mba ibrs ibpb stibp vmmcall fsgsbase bmi1 avx2 smep bmi2 erms invpcid cqm rdt_a rdseed adx smap clflushopt clwb sha_ni xsaveopt xsavec xgetbv1 xsaves cqm_llc cqm_occup_llc cqm_mbm_total cqm_mbm_local user_shstk clzero irperf xsaveerptr rdpru wbnoinvd cppc arat npt lbrv svm_lock nrip_save tsc_scale vmcb_clean flushbyasid decodeassists pausefilter pfthreshold avic v_vmsave_vmload vgif v_spec_ctrl umip pku ospke vaes vpclmulqdq rdpid overflow_recov succor smca fsrm debug_swap

Online cpus: 0-11
Offline cpus: 
BIOS frequency limitation: <Not Available>
Frequency switch latency (ns): 0
Available cpu frequencies: <Not Available>
Current governor: performance
Core performance/turbo boost: 1

Memory: 4k page, physical 15693696k(3450276k free), swap 11534328k(6376416k free)
Page Sizes: 4k

vm_info: OpenJDK 64-Bit Server VM (21.0.2+13-b375.1) for linux-amd64 JRE (21.0.2+13-b375.1), built on 2024-02-16 by "builduser" with gcc 10.2.1 20210130 (Red Hat 10.2.1-11)

END.
